{"C:\\Users\\Win10\\Desktop\\supermall-backend\\vendor-service\\controllers\\serviceController.js": {"path":"C:\\Users\\Win10\\Desktop\\supermall-backend\\vendor-service\\controllers\\serviceController.js","statementMap":{"0":{"start":{"line":2,"column":16},"end":{"line":2,"column":44}},"1":{"start":{"line":3,"column":15},"end":{"line":3,"column":42}},"2":{"start":{"line":4,"column":15},"end":{"line":4,"column":35}},"3":{"start":{"line":7,"column":0},"end":{"line":53,"column":2}},"4":{"start":{"line":8,"column":2},"end":{"line":52,"column":3}},"5":{"start":{"line":10,"column":19},"end":{"line":10,"column":59}},"6":{"start":{"line":11,"column":4},"end":{"line":13,"column":5}},"7":{"start":{"line":12,"column":6},"end":{"line":12,"column":83}},"8":{"start":{"line":16,"column":24},"end":{"line":35,"column":5}},"9":{"start":{"line":38,"column":20},"end":{"line":38,"column":53}},"10":{"start":{"line":40,"column":4},"end":{"line":44,"column":7}},"11":{"start":{"line":46,"column":4},"end":{"line":46,"column":52}},"12":{"start":{"line":47,"column":4},"end":{"line":51,"column":7}},"13":{"start":{"line":56,"column":0},"end":{"line":100,"column":2}},"14":{"start":{"line":57,"column":2},"end":{"line":99,"column":3}},"15":{"start":{"line":59,"column":21},"end":{"line":59,"column":23}},"16":{"start":{"line":62,"column":4},"end":{"line":67,"column":5}},"17":{"start":{"line":63,"column":6},"end":{"line":63,"column":41}},"18":{"start":{"line":66,"column":6},"end":{"line":66,"column":33}},"19":{"start":{"line":70,"column":4},"end":{"line":72,"column":5}},"20":{"start":{"line":71,"column":6},"end":{"line":71,"column":63}},"21":{"start":{"line":75,"column":4},"end":{"line":77,"column":5}},"22":{"start":{"line":76,"column":6},"end":{"line":76,"column":37}},"23":{"start":{"line":80,"column":4},"end":{"line":82,"column":5}},"24":{"start":{"line":81,"column":6},"end":{"line":81,"column":50}},"25":{"start":{"line":85,"column":21},"end":{"line":85,"column":49}},"26":{"start":{"line":87,"column":4},"end":{"line":91,"column":7}},"27":{"start":{"line":93,"column":4},"end":{"line":93,"column":54}},"28":{"start":{"line":94,"column":4},"end":{"line":98,"column":7}},"29":{"start":{"line":103,"column":0},"end":{"line":126,"column":2}},"30":{"start":{"line":104,"column":2},"end":{"line":125,"column":3}},"31":{"start":{"line":105,"column":20},"end":{"line":105,"column":57}},"32":{"start":{"line":107,"column":4},"end":{"line":112,"column":5}},"33":{"start":{"line":108,"column":6},"end":{"line":111,"column":9}},"34":{"start":{"line":114,"column":4},"end":{"line":117,"column":7}},"35":{"start":{"line":119,"column":4},"end":{"line":119,"column":78}},"36":{"start":{"line":120,"column":4},"end":{"line":124,"column":7}},"37":{"start":{"line":129,"column":0},"end":{"line":186,"column":2}},"38":{"start":{"line":130,"column":2},"end":{"line":185,"column":3}},"39":{"start":{"line":132,"column":20},"end":{"line":132,"column":57}},"40":{"start":{"line":133,"column":4},"end":{"line":138,"column":5}},"41":{"start":{"line":134,"column":6},"end":{"line":137,"column":9}},"42":{"start":{"line":141,"column":4},"end":{"line":146,"column":5}},"43":{"start":{"line":142,"column":6},"end":{"line":145,"column":9}},"44":{"start":{"line":149,"column":23},"end":{"line":149,"column":25}},"45":{"start":{"line":152,"column":4},"end":{"line":152,"column":55}},"46":{"start":{"line":152,"column":23},"end":{"line":152,"column":55}},"47":{"start":{"line":153,"column":4},"end":{"line":153,"column":76}},"48":{"start":{"line":153,"column":30},"end":{"line":153,"column":76}},"49":{"start":{"line":154,"column":4},"end":{"line":154,"column":72}},"50":{"start":{"line":154,"column":38},"end":{"line":154,"column":72}},"51":{"start":{"line":155,"column":4},"end":{"line":155,"column":67}},"52":{"start":{"line":155,"column":27},"end":{"line":155,"column":67}},"53":{"start":{"line":156,"column":4},"end":{"line":156,"column":55}},"54":{"start":{"line":156,"column":23},"end":{"line":156,"column":55}},"55":{"start":{"line":157,"column":4},"end":{"line":157,"column":68}},"56":{"start":{"line":157,"column":27},"end":{"line":157,"column":68}},"57":{"start":{"line":158,"column":4},"end":{"line":158,"column":92}},"58":{"start":{"line":158,"column":35},"end":{"line":158,"column":92}},"59":{"start":{"line":159,"column":4},"end":{"line":159,"column":55}},"60":{"start":{"line":159,"column":23},"end":{"line":159,"column":55}},"61":{"start":{"line":160,"column":4},"end":{"line":160,"column":74}},"62":{"start":{"line":160,"column":29},"end":{"line":160,"column":74}},"63":{"start":{"line":161,"column":4},"end":{"line":161,"column":80}},"64":{"start":{"line":161,"column":31},"end":{"line":161,"column":80}},"65":{"start":{"line":162,"column":4},"end":{"line":162,"column":85}},"66":{"start":{"line":162,"column":33},"end":{"line":162,"column":85}},"67":{"start":{"line":163,"column":4},"end":{"line":163,"column":79}},"68":{"start":{"line":163,"column":31},"end":{"line":163,"column":79}},"69":{"start":{"line":164,"column":4},"end":{"line":164,"column":99}},"70":{"start":{"line":164,"column":37},"end":{"line":164,"column":99}},"71":{"start":{"line":165,"column":4},"end":{"line":165,"column":93}},"72":{"start":{"line":165,"column":35},"end":{"line":165,"column":93}},"73":{"start":{"line":166,"column":4},"end":{"line":166,"column":95}},"74":{"start":{"line":166,"column":36},"end":{"line":166,"column":95}},"75":{"start":{"line":167,"column":4},"end":{"line":167,"column":91}},"76":{"start":{"line":167,"column":44},"end":{"line":167,"column":91}},"77":{"start":{"line":168,"column":4},"end":{"line":168,"column":88}},"78":{"start":{"line":168,"column":43},"end":{"line":168,"column":88}},"79":{"start":{"line":171,"column":27},"end":{"line":171,"column":74}},"80":{"start":{"line":173,"column":4},"end":{"line":177,"column":7}},"81":{"start":{"line":179,"column":4},"end":{"line":179,"column":73}},"82":{"start":{"line":180,"column":4},"end":{"line":184,"column":7}},"83":{"start":{"line":189,"column":0},"end":{"line":223,"column":2}},"84":{"start":{"line":190,"column":2},"end":{"line":222,"column":3}},"85":{"start":{"line":192,"column":20},"end":{"line":192,"column":57}},"86":{"start":{"line":193,"column":4},"end":{"line":198,"column":5}},"87":{"start":{"line":194,"column":6},"end":{"line":197,"column":9}},"88":{"start":{"line":201,"column":4},"end":{"line":206,"column":5}},"89":{"start":{"line":202,"column":6},"end":{"line":205,"column":9}},"90":{"start":{"line":209,"column":4},"end":{"line":209,"column":40}},"91":{"start":{"line":211,"column":4},"end":{"line":214,"column":7}},"92":{"start":{"line":216,"column":4},"end":{"line":216,"column":71}},"93":{"start":{"line":217,"column":4},"end":{"line":221,"column":7}},"94":{"start":{"line":226,"column":0},"end":{"line":261,"column":2}},"95":{"start":{"line":227,"column":2},"end":{"line":260,"column":3}},"96":{"start":{"line":229,"column":20},"end":{"line":229,"column":57}},"97":{"start":{"line":230,"column":4},"end":{"line":235,"column":5}},"98":{"start":{"line":231,"column":6},"end":{"line":234,"column":9}},"99":{"start":{"line":238,"column":4},"end":{"line":243,"column":5}},"100":{"start":{"line":239,"column":6},"end":{"line":242,"column":9}},"101":{"start":{"line":246,"column":27},"end":{"line":246,"column":91}},"102":{"start":{"line":248,"column":4},"end":{"line":252,"column":7}},"103":{"start":{"line":254,"column":4},"end":{"line":254,"column":78}},"104":{"start":{"line":255,"column":4},"end":{"line":259,"column":7}},"105":{"start":{"line":264,"column":0},"end":{"line":297,"column":2}},"106":{"start":{"line":265,"column":2},"end":{"line":296,"column":3}},"107":{"start":{"line":267,"column":19},"end":{"line":267,"column":61}},"108":{"start":{"line":268,"column":4},"end":{"line":273,"column":5}},"109":{"start":{"line":269,"column":6},"end":{"line":272,"column":9}},"110":{"start":{"line":276,"column":17},"end":{"line":276,"column":21}},"111":{"start":{"line":277,"column":4},"end":{"line":279,"column":5}},"112":{"start":{"line":278,"column":6},"end":{"line":278,"column":32}},"113":{"start":{"line":282,"column":21},"end":{"line":282,"column":78}},"114":{"start":{"line":284,"column":4},"end":{"line":288,"column":7}},"115":{"start":{"line":290,"column":4},"end":{"line":290,"column":82}},"116":{"start":{"line":291,"column":4},"end":{"line":295,"column":7}},"117":{"start":{"line":300,"column":0},"end":{"line":327,"column":2}},"118":{"start":{"line":301,"column":2},"end":{"line":326,"column":3}},"119":{"start":{"line":303,"column":25},"end":{"line":309,"column":5}},"120":{"start":{"line":312,"column":21},"end":{"line":312,"column":55}},"121":{"start":{"line":314,"column":4},"end":{"line":318,"column":7}},"122":{"start":{"line":320,"column":4},"end":{"line":320,"column":52}},"123":{"start":{"line":321,"column":4},"end":{"line":325,"column":7}},"124":{"start":{"line":330,"column":0},"end":{"line":351,"column":2}},"125":{"start":{"line":331,"column":2},"end":{"line":350,"column":3}},"126":{"start":{"line":333,"column":18},"end":{"line":333,"column":66}},"127":{"start":{"line":336,"column":21},"end":{"line":336,"column":54}},"128":{"start":{"line":338,"column":4},"end":{"line":342,"column":7}},"129":{"start":{"line":344,"column":4},"end":{"line":344,"column":62}},"130":{"start":{"line":345,"column":4},"end":{"line":349,"column":7}},"131":{"start":{"line":354,"column":0},"end":{"line":400,"column":2}},"132":{"start":{"line":355,"column":2},"end":{"line":399,"column":3}},"133":{"start":{"line":357,"column":20},"end":{"line":357,"column":57}},"134":{"start":{"line":358,"column":4},"end":{"line":363,"column":5}},"135":{"start":{"line":359,"column":6},"end":{"line":362,"column":9}},"136":{"start":{"line":366,"column":4},"end":{"line":371,"column":5}},"137":{"start":{"line":367,"column":6},"end":{"line":370,"column":9}},"138":{"start":{"line":373,"column":4},"end":{"line":378,"column":5}},"139":{"start":{"line":374,"column":6},"end":{"line":377,"column":9}},"140":{"start":{"line":381,"column":27},"end":{"line":385,"column":5}},"141":{"start":{"line":387,"column":4},"end":{"line":391,"column":7}},"142":{"start":{"line":393,"column":4},"end":{"line":393,"column":79}},"143":{"start":{"line":394,"column":4},"end":{"line":398,"column":7}}},"fnMap":{"0":{"name":"(anonymous_0)","decl":{"start":{"line":7,"column":24},"end":{"line":7,"column":25}},"loc":{"start":{"line":7,"column":44},"end":{"line":53,"column":1}},"line":7},"1":{"name":"(anonymous_1)","decl":{"start":{"line":56,"column":25},"end":{"line":56,"column":26}},"loc":{"start":{"line":56,"column":45},"end":{"line":100,"column":1}},"line":56},"2":{"name":"(anonymous_2)","decl":{"start":{"line":103,"column":25},"end":{"line":103,"column":26}},"loc":{"start":{"line":103,"column":45},"end":{"line":126,"column":1}},"line":103},"3":{"name":"(anonymous_3)","decl":{"start":{"line":129,"column":24},"end":{"line":129,"column":25}},"loc":{"start":{"line":129,"column":44},"end":{"line":186,"column":1}},"line":129},"4":{"name":"(anonymous_4)","decl":{"start":{"line":189,"column":24},"end":{"line":189,"column":25}},"loc":{"start":{"line":189,"column":44},"end":{"line":223,"column":1}},"line":189},"5":{"name":"(anonymous_5)","decl":{"start":{"line":226,"column":30},"end":{"line":226,"column":31}},"loc":{"start":{"line":226,"column":50},"end":{"line":261,"column":1}},"line":226},"6":{"name":"(anonymous_6)","decl":{"start":{"line":264,"column":28},"end":{"line":264,"column":29}},"loc":{"start":{"line":264,"column":48},"end":{"line":297,"column":1}},"line":264},"7":{"name":"(anonymous_7)","decl":{"start":{"line":300,"column":25},"end":{"line":300,"column":26}},"loc":{"start":{"line":300,"column":45},"end":{"line":327,"column":1}},"line":300},"8":{"name":"(anonymous_8)","decl":{"start":{"line":330,"column":30},"end":{"line":330,"column":31}},"loc":{"start":{"line":330,"column":50},"end":{"line":351,"column":1}},"line":330},"9":{"name":"(anonymous_9)","decl":{"start":{"line":354,"column":30},"end":{"line":354,"column":31}},"loc":{"start":{"line":354,"column":50},"end":{"line":400,"column":1}},"line":354}},"branchMap":{"0":{"loc":{"start":{"line":11,"column":4},"end":{"line":13,"column":5}},"type":"if","locations":[{"start":{"line":11,"column":4},"end":{"line":13,"column":5}},{"start":{},"end":{}}],"line":11},"1":{"loc":{"start":{"line":25,"column":25},"end":{"line":25,"column":56}},"type":"binary-expr","locations":[{"start":{"line":25,"column":25},"end":{"line":25,"column":50}},{"start":{"line":25,"column":54},"end":{"line":25,"column":56}}],"line":25},"2":{"loc":{"start":{"line":26,"column":12},"end":{"line":26,"column":31}},"type":"binary-expr","locations":[{"start":{"line":26,"column":12},"end":{"line":26,"column":25}},{"start":{"line":26,"column":29},"end":{"line":26,"column":31}}],"line":26},"3":{"loc":{"start":{"line":29,"column":22},"end":{"line":29,"column":51}},"type":"binary-expr","locations":[{"start":{"line":29,"column":22},"end":{"line":29,"column":45}},{"start":{"line":29,"column":49},"end":{"line":29,"column":51}}],"line":29},"4":{"loc":{"start":{"line":30,"column":20},"end":{"line":30,"column":47}},"type":"binary-expr","locations":[{"start":{"line":30,"column":20},"end":{"line":30,"column":41}},{"start":{"line":30,"column":45},"end":{"line":30,"column":47}}],"line":30},"5":{"loc":{"start":{"line":34,"column":19},"end":{"line":34,"column":47}},"type":"binary-expr","locations":[{"start":{"line":34,"column":19},"end":{"line":34,"column":38}},{"start":{"line":34,"column":42},"end":{"line":34,"column":47}}],"line":34},"6":{"loc":{"start":{"line":49,"column":15},"end":{"line":49,"column":53}},"type":"binary-expr","locations":[{"start":{"line":49,"column":15},"end":{"line":49,"column":28}},{"start":{"line":49,"column":32},"end":{"line":49,"column":53}}],"line":49},"7":{"loc":{"start":{"line":62,"column":4},"end":{"line":67,"column":5}},"type":"if","locations":[{"start":{"line":62,"column":4},"end":{"line":67,"column":5}},{"start":{"line":64,"column":11},"end":{"line":67,"column":5}}],"line":62},"8":{"loc":{"start":{"line":70,"column":4},"end":{"line":72,"column":5}},"type":"if","locations":[{"start":{"line":70,"column":4},"end":{"line":72,"column":5}},{"start":{},"end":{}}],"line":70},"9":{"loc":{"start":{"line":75,"column":4},"end":{"line":77,"column":5}},"type":"if","locations":[{"start":{"line":75,"column":4},"end":{"line":77,"column":5}},{"start":{},"end":{}}],"line":75},"10":{"loc":{"start":{"line":80,"column":4},"end":{"line":82,"column":5}},"type":"if","locations":[{"start":{"line":80,"column":4},"end":{"line":82,"column":5}},{"start":{},"end":{}}],"line":80},"11":{"loc":{"start":{"line":107,"column":4},"end":{"line":112,"column":5}},"type":"if","locations":[{"start":{"line":107,"column":4},"end":{"line":112,"column":5}},{"start":{},"end":{}}],"line":107},"12":{"loc":{"start":{"line":133,"column":4},"end":{"line":138,"column":5}},"type":"if","locations":[{"start":{"line":133,"column":4},"end":{"line":138,"column":5}},{"start":{},"end":{}}],"line":133},"13":{"loc":{"start":{"line":141,"column":4},"end":{"line":146,"column":5}},"type":"if","locations":[{"start":{"line":141,"column":4},"end":{"line":146,"column":5}},{"start":{},"end":{}}],"line":141},"14":{"loc":{"start":{"line":141,"column":8},"end":{"line":141,"column":110}},"type":"binary-expr","locations":[{"start":{"line":141,"column":8},"end":{"line":141,"column":16}},{"start":{"line":141,"column":20},"end":{"line":141,"column":45}},{"start":{"line":141,"column":49},"end":{"line":141,"column":110}}],"line":141},"15":{"loc":{"start":{"line":152,"column":4},"end":{"line":152,"column":55}},"type":"if","locations":[{"start":{"line":152,"column":4},"end":{"line":152,"column":55}},{"start":{},"end":{}}],"line":152},"16":{"loc":{"start":{"line":153,"column":4},"end":{"line":153,"column":76}},"type":"if","locations":[{"start":{"line":153,"column":4},"end":{"line":153,"column":76}},{"start":{},"end":{}}],"line":153},"17":{"loc":{"start":{"line":154,"column":4},"end":{"line":154,"column":72}},"type":"if","locations":[{"start":{"line":154,"column":4},"end":{"line":154,"column":72}},{"start":{},"end":{}}],"line":154},"18":{"loc":{"start":{"line":155,"column":4},"end":{"line":155,"column":67}},"type":"if","locations":[{"start":{"line":155,"column":4},"end":{"line":155,"column":67}},{"start":{},"end":{}}],"line":155},"19":{"loc":{"start":{"line":156,"column":4},"end":{"line":156,"column":55}},"type":"if","locations":[{"start":{"line":156,"column":4},"end":{"line":156,"column":55}},{"start":{},"end":{}}],"line":156},"20":{"loc":{"start":{"line":157,"column":4},"end":{"line":157,"column":68}},"type":"if","locations":[{"start":{"line":157,"column":4},"end":{"line":157,"column":68}},{"start":{},"end":{}}],"line":157},"21":{"loc":{"start":{"line":158,"column":4},"end":{"line":158,"column":92}},"type":"if","locations":[{"start":{"line":158,"column":4},"end":{"line":158,"column":92}},{"start":{},"end":{}}],"line":158},"22":{"loc":{"start":{"line":159,"column":4},"end":{"line":159,"column":55}},"type":"if","locations":[{"start":{"line":159,"column":4},"end":{"line":159,"column":55}},{"start":{},"end":{}}],"line":159},"23":{"loc":{"start":{"line":160,"column":4},"end":{"line":160,"column":74}},"type":"if","locations":[{"start":{"line":160,"column":4},"end":{"line":160,"column":74}},{"start":{},"end":{}}],"line":160},"24":{"loc":{"start":{"line":161,"column":4},"end":{"line":161,"column":80}},"type":"if","locations":[{"start":{"line":161,"column":4},"end":{"line":161,"column":80}},{"start":{},"end":{}}],"line":161},"25":{"loc":{"start":{"line":162,"column":4},"end":{"line":162,"column":85}},"type":"if","locations":[{"start":{"line":162,"column":4},"end":{"line":162,"column":85}},{"start":{},"end":{}}],"line":162},"26":{"loc":{"start":{"line":163,"column":4},"end":{"line":163,"column":79}},"type":"if","locations":[{"start":{"line":163,"column":4},"end":{"line":163,"column":79}},{"start":{},"end":{}}],"line":163},"27":{"loc":{"start":{"line":164,"column":4},"end":{"line":164,"column":99}},"type":"if","locations":[{"start":{"line":164,"column":4},"end":{"line":164,"column":99}},{"start":{},"end":{}}],"line":164},"28":{"loc":{"start":{"line":165,"column":4},"end":{"line":165,"column":93}},"type":"if","locations":[{"start":{"line":165,"column":4},"end":{"line":165,"column":93}},{"start":{},"end":{}}],"line":165},"29":{"loc":{"start":{"line":166,"column":4},"end":{"line":166,"column":95}},"type":"if","locations":[{"start":{"line":166,"column":4},"end":{"line":166,"column":95}},{"start":{},"end":{}}],"line":166},"30":{"loc":{"start":{"line":167,"column":4},"end":{"line":167,"column":91}},"type":"if","locations":[{"start":{"line":167,"column":4},"end":{"line":167,"column":91}},{"start":{},"end":{}}],"line":167},"31":{"loc":{"start":{"line":168,"column":4},"end":{"line":168,"column":88}},"type":"if","locations":[{"start":{"line":168,"column":4},"end":{"line":168,"column":88}},{"start":{},"end":{}}],"line":168},"32":{"loc":{"start":{"line":193,"column":4},"end":{"line":198,"column":5}},"type":"if","locations":[{"start":{"line":193,"column":4},"end":{"line":198,"column":5}},{"start":{},"end":{}}],"line":193},"33":{"loc":{"start":{"line":201,"column":4},"end":{"line":206,"column":5}},"type":"if","locations":[{"start":{"line":201,"column":4},"end":{"line":206,"column":5}},{"start":{},"end":{}}],"line":201},"34":{"loc":{"start":{"line":201,"column":8},"end":{"line":201,"column":110}},"type":"binary-expr","locations":[{"start":{"line":201,"column":8},"end":{"line":201,"column":16}},{"start":{"line":201,"column":20},"end":{"line":201,"column":45}},{"start":{"line":201,"column":49},"end":{"line":201,"column":110}}],"line":201},"35":{"loc":{"start":{"line":230,"column":4},"end":{"line":235,"column":5}},"type":"if","locations":[{"start":{"line":230,"column":4},"end":{"line":235,"column":5}},{"start":{},"end":{}}],"line":230},"36":{"loc":{"start":{"line":238,"column":4},"end":{"line":243,"column":5}},"type":"if","locations":[{"start":{"line":238,"column":4},"end":{"line":243,"column":5}},{"start":{},"end":{}}],"line":238},"37":{"loc":{"start":{"line":238,"column":8},"end":{"line":238,"column":100}},"type":"binary-expr","locations":[{"start":{"line":238,"column":8},"end":{"line":238,"column":24}},{"start":{"line":238,"column":28},"end":{"line":238,"column":100}}],"line":238},"38":{"loc":{"start":{"line":268,"column":4},"end":{"line":273,"column":5}},"type":"if","locations":[{"start":{"line":268,"column":4},"end":{"line":273,"column":5}},{"start":{},"end":{}}],"line":268},"39":{"loc":{"start":{"line":277,"column":4},"end":{"line":279,"column":5}},"type":"if","locations":[{"start":{"line":277,"column":4},"end":{"line":279,"column":5}},{"start":{},"end":{}}],"line":277},"40":{"loc":{"start":{"line":333,"column":18},"end":{"line":333,"column":66}},"type":"cond-expr","locations":[{"start":{"line":333,"column":36},"end":{"line":333,"column":61}},{"start":{"line":333,"column":64},"end":{"line":333,"column":66}}],"line":333},"41":{"loc":{"start":{"line":358,"column":4},"end":{"line":363,"column":5}},"type":"if","locations":[{"start":{"line":358,"column":4},"end":{"line":363,"column":5}},{"start":{},"end":{}}],"line":358},"42":{"loc":{"start":{"line":366,"column":4},"end":{"line":371,"column":5}},"type":"if","locations":[{"start":{"line":366,"column":4},"end":{"line":371,"column":5}},{"start":{},"end":{}}],"line":366},"43":{"loc":{"start":{"line":366,"column":8},"end":{"line":366,"column":83}},"type":"binary-expr","locations":[{"start":{"line":366,"column":8},"end":{"line":366,"column":37}},{"start":{"line":366,"column":41},"end":{"line":366,"column":60}},{"start":{"line":366,"column":64},"end":{"line":366,"column":83}}],"line":366},"44":{"loc":{"start":{"line":373,"column":4},"end":{"line":378,"column":5}},"type":"if","locations":[{"start":{"line":373,"column":4},"end":{"line":378,"column":5}},{"start":{},"end":{}}],"line":373},"45":{"loc":{"start":{"line":373,"column":8},"end":{"line":373,"column":70}},"type":"binary-expr","locations":[{"start":{"line":373,"column":8},"end":{"line":373,"column":42}},{"start":{"line":373,"column":46},"end":{"line":373,"column":70}}],"line":373}},"s":{"0":0,"1":0,"2":0,"3":0,"4":0,"5":0,"6":0,"7":0,"8":0,"9":0,"10":0,"11":0,"12":0,"13":0,"14":0,"15":0,"16":0,"17":0,"18":0,"19":0,"20":0,"21":0,"22":0,"23":0,"24":0,"25":0,"26":0,"27":0,"28":0,"29":0,"30":0,"31":0,"32":0,"33":0,"34":0,"35":0,"36":0,"37":0,"38":0,"39":0,"40":0,"41":0,"42":0,"43":0,"44":0,"45":0,"46":0,"47":0,"48":0,"49":0,"50":0,"51":0,"52":0,"53":0,"54":0,"55":0,"56":0,"57":0,"58":0,"59":0,"60":0,"61":0,"62":0,"63":0,"64":0,"65":0,"66":0,"67":0,"68":0,"69":0,"70":0,"71":0,"72":0,"73":0,"74":0,"75":0,"76":0,"77":0,"78":0,"79":0,"80":0,"81":0,"82":0,"83":0,"84":0,"85":0,"86":0,"87":0,"88":0,"89":0,"90":0,"91":0,"92":0,"93":0,"94":0,"95":0,"96":0,"97":0,"98":0,"99":0,"100":0,"101":0,"102":0,"103":0,"104":0,"105":0,"106":0,"107":0,"108":0,"109":0,"110":0,"111":0,"112":0,"113":0,"114":0,"115":0,"116":0,"117":0,"118":0,"119":0,"120":0,"121":0,"122":0,"123":0,"124":0,"125":0,"126":0,"127":0,"128":0,"129":0,"130":0,"131":0,"132":0,"133":0,"134":0,"135":0,"136":0,"137":0,"138":0,"139":0,"140":0,"141":0,"142":0,"143":0},"f":{"0":0,"1":0,"2":0,"3":0,"4":0,"5":0,"6":0,"7":0,"8":0,"9":0},"b":{"0":[0,0],"1":[0,0],"2":[0,0],"3":[0,0],"4":[0,0],"5":[0,0],"6":[0,0],"7":[0,0],"8":[0,0],"9":[0,0],"10":[0,0],"11":[0,0],"12":[0,0],"13":[0,0],"14":[0,0,0],"15":[0,0],"16":[0,0],"17":[0,0],"18":[0,0],"19":[0,0],"20":[0,0],"21":[0,0],"22":[0,0],"23":[0,0],"24":[0,0],"25":[0,0],"26":[0,0],"27":[0,0],"28":[0,0],"29":[0,0],"30":[0,0],"31":[0,0],"32":[0,0],"33":[0,0],"34":[0,0,0],"35":[0,0],"36":[0,0],"37":[0,0],"38":[0,0],"39":[0,0],"40":[0,0],"41":[0,0],"42":[0,0],"43":[0,0,0],"44":[0,0],"45":[0,0]}}
,"C:\\Users\\Win10\\Desktop\\supermall-backend\\vendor-service\\controllers\\vendorController.js": {"path":"C:\\Users\\Win10\\Desktop\\supermall-backend\\vendor-service\\controllers\\vendorController.js","statementMap":{"0":{"start":{"line":1,"column":19},"end":{"line":1,"column":46}},"1":{"start":{"line":2,"column":27},"end":{"line":2,"column":62}},"2":{"start":{"line":3,"column":15},"end":{"line":3,"column":35}},"3":{"start":{"line":6,"column":35},"end":{"line":15,"column":1}},"4":{"start":{"line":7,"column":2},"end":{"line":14,"column":4}},"5":{"start":{"line":18,"column":0},"end":{"line":113,"column":2}},"6":{"start":{"line":19,"column":2},"end":{"line":112,"column":3}},"7":{"start":{"line":20,"column":4},"end":{"line":20,"column":98}},"8":{"start":{"line":21,"column":4},"end":{"line":21,"column":74}},"9":{"start":{"line":38,"column":8},"end":{"line":38,"column":16}},"10":{"start":{"line":40,"column":4},"end":{"line":40,"column":124}},"11":{"start":{"line":42,"column":4},"end":{"line":45,"column":5}},"12":{"start":{"line":43,"column":6},"end":{"line":43,"column":46}},"13":{"start":{"line":44,"column":6},"end":{"line":44,"column":146}},"14":{"start":{"line":48,"column":27},"end":{"line":48,"column":58}},"15":{"start":{"line":49,"column":4},"end":{"line":52,"column":5}},"16":{"start":{"line":50,"column":6},"end":{"line":50,"column":51}},"17":{"start":{"line":51,"column":6},"end":{"line":51,"column":71}},"18":{"start":{"line":55,"column":35},"end":{"line":55,"column":69}},"19":{"start":{"line":56,"column":4},"end":{"line":59,"column":5}},"20":{"start":{"line":57,"column":6},"end":{"line":57,"column":66}},"21":{"start":{"line":58,"column":6},"end":{"line":58,"column":84}},"22":{"start":{"line":62,"column":23},"end":{"line":79,"column":5}},"23":{"start":{"line":82,"column":4},"end":{"line":85,"column":5}},"24":{"start":{"line":83,"column":6},"end":{"line":83,"column":53}},"25":{"start":{"line":84,"column":6},"end":{"line":84,"column":81}},"26":{"start":{"line":87,"column":4},"end":{"line":87,"column":58}},"27":{"start":{"line":90,"column":4},"end":{"line":96,"column":5}},"28":{"start":{"line":91,"column":6},"end":{"line":95,"column":9}},"29":{"start":{"line":99,"column":22},"end":{"line":99,"column":53}},"30":{"start":{"line":100,"column":4},"end":{"line":100,"column":70}},"31":{"start":{"line":101,"column":4},"end":{"line":101,"column":88}},"32":{"start":{"line":103,"column":4},"end":{"line":103,"column":50}},"33":{"start":{"line":105,"column":25},"end":{"line":105,"column":57}},"34":{"start":{"line":106,"column":23},"end":{"line":106,"column":46}},"35":{"start":{"line":107,"column":4},"end":{"line":111,"column":7}},"36":{"start":{"line":116,"column":0},"end":{"line":235,"column":2}},"37":{"start":{"line":117,"column":2},"end":{"line":234,"column":3}},"38":{"start":{"line":126,"column":8},"end":{"line":126,"column":16}},"39":{"start":{"line":128,"column":25},"end":{"line":128,"column":35}},"40":{"start":{"line":131,"column":25},"end":{"line":131,"column":48}},"41":{"start":{"line":133,"column":4},"end":{"line":135,"column":5}},"42":{"start":{"line":134,"column":6},"end":{"line":134,"column":93}},"43":{"start":{"line":138,"column":27},"end":{"line":138,"column":58}},"44":{"start":{"line":139,"column":4},"end":{"line":141,"column":5}},"45":{"start":{"line":140,"column":6},"end":{"line":140,"column":67}},"46":{"start":{"line":144,"column":26},"end":{"line":152,"column":6}},"47":{"start":{"line":155,"column":25},"end":{"line":210,"column":5}},"48":{"start":{"line":213,"column":24},"end":{"line":213,"column":69}},"49":{"start":{"line":214,"column":4},"end":{"line":218,"column":5}},"50":{"start":{"line":215,"column":6},"end":{"line":215,"column":74}},"51":{"start":{"line":217,"column":6},"end":{"line":217,"column":64}},"52":{"start":{"line":220,"column":4},"end":{"line":224,"column":7}},"53":{"start":{"line":226,"column":4},"end":{"line":226,"column":58}},"54":{"start":{"line":227,"column":25},"end":{"line":227,"column":57}},"55":{"start":{"line":228,"column":23},"end":{"line":228,"column":46}},"56":{"start":{"line":229,"column":4},"end":{"line":233,"column":7}},"57":{"start":{"line":238,"column":0},"end":{"line":259,"column":2}},"58":{"start":{"line":239,"column":2},"end":{"line":258,"column":3}},"59":{"start":{"line":240,"column":19},"end":{"line":240,"column":55}},"60":{"start":{"line":241,"column":4},"end":{"line":241,"column":78}},"61":{"start":{"line":241,"column":17},"end":{"line":241,"column":78}},"62":{"start":{"line":244,"column":4},"end":{"line":246,"column":5}},"63":{"start":{"line":248,"column":4},"end":{"line":248,"column":21}},"64":{"start":{"line":250,"column":4},"end":{"line":250,"column":50}},"65":{"start":{"line":251,"column":25},"end":{"line":251,"column":57}},"66":{"start":{"line":252,"column":23},"end":{"line":252,"column":46}},"67":{"start":{"line":253,"column":4},"end":{"line":257,"column":7}},"68":{"start":{"line":262,"column":0},"end":{"line":283,"column":2}},"69":{"start":{"line":263,"column":2},"end":{"line":282,"column":3}},"70":{"start":{"line":264,"column":19},"end":{"line":264,"column":61}},"71":{"start":{"line":265,"column":4},"end":{"line":265,"column":78}},"72":{"start":{"line":265,"column":17},"end":{"line":265,"column":78}},"73":{"start":{"line":268,"column":4},"end":{"line":270,"column":5}},"74":{"start":{"line":272,"column":4},"end":{"line":272,"column":21}},"75":{"start":{"line":274,"column":4},"end":{"line":274,"column":59}},"76":{"start":{"line":275,"column":25},"end":{"line":275,"column":57}},"77":{"start":{"line":276,"column":23},"end":{"line":276,"column":46}},"78":{"start":{"line":277,"column":4},"end":{"line":281,"column":7}},"79":{"start":{"line":286,"column":0},"end":{"line":402,"column":2}},"80":{"start":{"line":287,"column":2},"end":{"line":401,"column":3}},"81":{"start":{"line":288,"column":120},"end":{"line":288,"column":128}},"82":{"start":{"line":291,"column":23},"end":{"line":291,"column":45}},"83":{"start":{"line":294,"column":4},"end":{"line":294,"column":53}},"84":{"start":{"line":294,"column":19},"end":{"line":294,"column":53}},"85":{"start":{"line":295,"column":4},"end":{"line":295,"column":74}},"86":{"start":{"line":295,"column":26},"end":{"line":295,"column":74}},"87":{"start":{"line":296,"column":4},"end":{"line":296,"column":63}},"88":{"start":{"line":296,"column":22},"end":{"line":296,"column":63}},"89":{"start":{"line":297,"column":4},"end":{"line":297,"column":62}},"90":{"start":{"line":297,"column":22},"end":{"line":297,"column":62}},"91":{"start":{"line":298,"column":4},"end":{"line":298,"column":62}},"92":{"start":{"line":298,"column":22},"end":{"line":298,"column":62}},"93":{"start":{"line":299,"column":4},"end":{"line":299,"column":62}},"94":{"start":{"line":299,"column":22},"end":{"line":299,"column":62}},"95":{"start":{"line":302,"column":19},"end":{"line":302,"column":65}},"96":{"start":{"line":304,"column":4},"end":{"line":304,"column":78}},"97":{"start":{"line":304,"column":17},"end":{"line":304,"column":78}},"98":{"start":{"line":307,"column":4},"end":{"line":389,"column":5}},"99":{"start":{"line":309,"column":32},"end":{"line":309,"column":34}},"100":{"start":{"line":312,"column":26},"end":{"line":312,"column":76}},"101":{"start":{"line":314,"column":6},"end":{"line":388,"column":7}},"102":{"start":{"line":316,"column":8},"end":{"line":320,"column":9}},"103":{"start":{"line":317,"column":22},"end":{"line":317,"column":51}},"104":{"start":{"line":318,"column":10},"end":{"line":318,"column":36}},"105":{"start":{"line":319,"column":10},"end":{"line":319,"column":54}},"106":{"start":{"line":321,"column":8},"end":{"line":325,"column":9}},"107":{"start":{"line":322,"column":22},"end":{"line":322,"column":51}},"108":{"start":{"line":323,"column":10},"end":{"line":323,"column":49}},"109":{"start":{"line":324,"column":10},"end":{"line":324,"column":54}},"110":{"start":{"line":327,"column":8},"end":{"line":329,"column":9}},"111":{"start":{"line":328,"column":10},"end":{"line":328,"column":72}},"112":{"start":{"line":332,"column":8},"end":{"line":387,"column":11}},"113":{"start":{"line":391,"column":4},"end":{"line":391,"column":65}},"114":{"start":{"line":393,"column":4},"end":{"line":393,"column":50}},"115":{"start":{"line":394,"column":25},"end":{"line":394,"column":57}},"116":{"start":{"line":395,"column":23},"end":{"line":395,"column":46}},"117":{"start":{"line":396,"column":4},"end":{"line":400,"column":7}},"118":{"start":{"line":405,"column":0},"end":{"line":427,"column":2}},"119":{"start":{"line":406,"column":2},"end":{"line":426,"column":3}},"120":{"start":{"line":407,"column":19},"end":{"line":407,"column":55}},"121":{"start":{"line":408,"column":4},"end":{"line":408,"column":78}},"122":{"start":{"line":408,"column":17},"end":{"line":408,"column":78}},"123":{"start":{"line":411,"column":4},"end":{"line":411,"column":39}},"124":{"start":{"line":414,"column":4},"end":{"line":414,"column":47}},"125":{"start":{"line":416,"column":4},"end":{"line":416,"column":65}},"126":{"start":{"line":418,"column":4},"end":{"line":418,"column":50}},"127":{"start":{"line":419,"column":25},"end":{"line":419,"column":57}},"128":{"start":{"line":420,"column":23},"end":{"line":420,"column":46}},"129":{"start":{"line":421,"column":4},"end":{"line":425,"column":7}},"130":{"start":{"line":430,"column":0},"end":{"line":515,"column":2}},"131":{"start":{"line":431,"column":2},"end":{"line":514,"column":3}},"132":{"start":{"line":432,"column":25},"end":{"line":432,"column":35}},"133":{"start":{"line":433,"column":19},"end":{"line":433,"column":50}},"134":{"start":{"line":434,"column":4},"end":{"line":436,"column":5}},"135":{"start":{"line":435,"column":6},"end":{"line":435,"column":67}},"136":{"start":{"line":439,"column":24},"end":{"line":439,"column":69}},"137":{"start":{"line":442,"column":4},"end":{"line":499,"column":5}},"138":{"start":{"line":443,"column":6},"end":{"line":498,"column":9}},"139":{"start":{"line":501,"column":4},"end":{"line":504,"column":7}},"140":{"start":{"line":506,"column":4},"end":{"line":506,"column":58}},"141":{"start":{"line":507,"column":25},"end":{"line":507,"column":57}},"142":{"start":{"line":508,"column":23},"end":{"line":508,"column":46}},"143":{"start":{"line":509,"column":4},"end":{"line":513,"column":7}}},"fnMap":{"0":{"name":"(anonymous_0)","decl":{"start":{"line":6,"column":35},"end":{"line":6,"column":36}},"loc":{"start":{"line":6,"column":47},"end":{"line":15,"column":1}},"line":6},"1":{"name":"(anonymous_1)","decl":{"start":{"line":18,"column":23},"end":{"line":18,"column":24}},"loc":{"start":{"line":18,"column":43},"end":{"line":113,"column":1}},"line":18},"2":{"name":"(anonymous_2)","decl":{"start":{"line":116,"column":30},"end":{"line":116,"column":31}},"loc":{"start":{"line":116,"column":50},"end":{"line":235,"column":1}},"line":116},"3":{"name":"(anonymous_3)","decl":{"start":{"line":238,"column":24},"end":{"line":238,"column":25}},"loc":{"start":{"line":238,"column":44},"end":{"line":259,"column":1}},"line":238},"4":{"name":"(anonymous_4)","decl":{"start":{"line":262,"column":27},"end":{"line":262,"column":28}},"loc":{"start":{"line":262,"column":47},"end":{"line":283,"column":1}},"line":262},"5":{"name":"(anonymous_5)","decl":{"start":{"line":286,"column":23},"end":{"line":286,"column":24}},"loc":{"start":{"line":286,"column":43},"end":{"line":402,"column":1}},"line":286},"6":{"name":"(anonymous_6)","decl":{"start":{"line":405,"column":23},"end":{"line":405,"column":24}},"loc":{"start":{"line":405,"column":43},"end":{"line":427,"column":1}},"line":405},"7":{"name":"(anonymous_7)","decl":{"start":{"line":430,"column":27},"end":{"line":430,"column":28}},"loc":{"start":{"line":430,"column":47},"end":{"line":515,"column":1}},"line":430}},"branchMap":{"0":{"loc":{"start":{"line":8,"column":4},"end":{"line":13,"column":24}},"type":"binary-expr","locations":[{"start":{"line":8,"column":4},"end":{"line":8,"column":21}},{"start":{"line":9,"column":4},"end":{"line":9,"column":28}},{"start":{"line":10,"column":4},"end":{"line":10,"column":25}},{"start":{"line":11,"column":4},"end":{"line":11,"column":24}},{"start":{"line":12,"column":4},"end":{"line":12,"column":24}},{"start":{"line":13,"column":4},"end":{"line":13,"column":24}}],"line":8},"1":{"loc":{"start":{"line":42,"column":4},"end":{"line":45,"column":5}},"type":"if","locations":[{"start":{"line":42,"column":4},"end":{"line":45,"column":5}},{"start":{},"end":{}}],"line":42},"2":{"loc":{"start":{"line":42,"column":8},"end":{"line":42,"column":63}},"type":"binary-expr","locations":[{"start":{"line":42,"column":8},"end":{"line":42,"column":13}},{"start":{"line":42,"column":17},"end":{"line":42,"column":23}},{"start":{"line":42,"column":27},"end":{"line":42,"column":33}},{"start":{"line":42,"column":37},"end":{"line":42,"column":45}},{"start":{"line":42,"column":49},"end":{"line":42,"column":63}}],"line":42},"3":{"loc":{"start":{"line":49,"column":4},"end":{"line":52,"column":5}},"type":"if","locations":[{"start":{"line":49,"column":4},"end":{"line":52,"column":5}},{"start":{},"end":{}}],"line":49},"4":{"loc":{"start":{"line":56,"column":4},"end":{"line":59,"column":5}},"type":"if","locations":[{"start":{"line":56,"column":4},"end":{"line":59,"column":5}},{"start":{},"end":{}}],"line":56},"5":{"loc":{"start":{"line":66,"column":15},"end":{"line":66,"column":76}},"type":"cond-expr","locations":[{"start":{"line":66,"column":45},"end":{"line":66,"column":66}},{"start":{"line":66,"column":69},"end":{"line":66,"column":76}}],"line":66},"6":{"loc":{"start":{"line":68,"column":18},"end":{"line":68,"column":33}},"type":"binary-expr","locations":[{"start":{"line":68,"column":18},"end":{"line":68,"column":27}},{"start":{"line":68,"column":31},"end":{"line":68,"column":33}}],"line":68},"7":{"loc":{"start":{"line":69,"column":25},"end":{"line":69,"column":47}},"type":"binary-expr","locations":[{"start":{"line":69,"column":25},"end":{"line":69,"column":41}},{"start":{"line":69,"column":45},"end":{"line":69,"column":47}}],"line":69},"8":{"loc":{"start":{"line":70,"column":22},"end":{"line":70,"column":40}},"type":"binary-expr","locations":[{"start":{"line":70,"column":22},"end":{"line":70,"column":34}},{"start":{"line":70,"column":38},"end":{"line":70,"column":40}}],"line":70},"9":{"loc":{"start":{"line":71,"column":21},"end":{"line":71,"column":39}},"type":"binary-expr","locations":[{"start":{"line":71,"column":21},"end":{"line":71,"column":33}},{"start":{"line":71,"column":37},"end":{"line":71,"column":39}}],"line":71},"10":{"loc":{"start":{"line":72,"column":21},"end":{"line":72,"column":39}},"type":"binary-expr","locations":[{"start":{"line":72,"column":21},"end":{"line":72,"column":33}},{"start":{"line":72,"column":37},"end":{"line":72,"column":39}}],"line":72},"11":{"loc":{"start":{"line":73,"column":21},"end":{"line":73,"column":39}},"type":"binary-expr","locations":[{"start":{"line":73,"column":21},"end":{"line":73,"column":33}},{"start":{"line":73,"column":37},"end":{"line":73,"column":39}}],"line":73},"12":{"loc":{"start":{"line":74,"column":15},"end":{"line":74,"column":28}},"type":"binary-expr","locations":[{"start":{"line":74,"column":15},"end":{"line":74,"column":22}},{"start":{"line":74,"column":26},"end":{"line":74,"column":28}}],"line":74},"13":{"loc":{"start":{"line":75,"column":19},"end":{"line":75,"column":36}},"type":"binary-expr","locations":[{"start":{"line":75,"column":19},"end":{"line":75,"column":30}},{"start":{"line":75,"column":34},"end":{"line":75,"column":36}}],"line":75},"14":{"loc":{"start":{"line":76,"column":19},"end":{"line":76,"column":35}},"type":"binary-expr","locations":[{"start":{"line":76,"column":19},"end":{"line":76,"column":29}},{"start":{"line":76,"column":33},"end":{"line":76,"column":35}}],"line":76},"15":{"loc":{"start":{"line":82,"column":4},"end":{"line":85,"column":5}},"type":"if","locations":[{"start":{"line":82,"column":4},"end":{"line":85,"column":5}},{"start":{},"end":{}}],"line":82},"16":{"loc":{"start":{"line":90,"column":4},"end":{"line":96,"column":5}},"type":"if","locations":[{"start":{"line":90,"column":4},"end":{"line":96,"column":5}},{"start":{},"end":{}}],"line":90},"17":{"loc":{"start":{"line":105,"column":25},"end":{"line":105,"column":57}},"type":"binary-expr","locations":[{"start":{"line":105,"column":25},"end":{"line":105,"column":38}},{"start":{"line":105,"column":42},"end":{"line":105,"column":57}}],"line":105},"18":{"loc":{"start":{"line":106,"column":23},"end":{"line":106,"column":46}},"type":"binary-expr","locations":[{"start":{"line":106,"column":23},"end":{"line":106,"column":39}},{"start":{"line":106,"column":43},"end":{"line":106,"column":46}}],"line":106},"19":{"loc":{"start":{"line":110,"column":15},"end":{"line":110,"column":36}},"type":"binary-expr","locations":[{"start":{"line":110,"column":15},"end":{"line":110,"column":28}},{"start":{"line":110,"column":32},"end":{"line":110,"column":36}}],"line":110},"20":{"loc":{"start":{"line":131,"column":25},"end":{"line":131,"column":48}},"type":"binary-expr","locations":[{"start":{"line":131,"column":25},"end":{"line":131,"column":37}},{"start":{"line":131,"column":41},"end":{"line":131,"column":48}}],"line":131},"21":{"loc":{"start":{"line":133,"column":4},"end":{"line":135,"column":5}},"type":"if","locations":[{"start":{"line":133,"column":4},"end":{"line":135,"column":5}},{"start":{},"end":{}}],"line":133},"22":{"loc":{"start":{"line":133,"column":8},"end":{"line":133,"column":107}},"type":"binary-expr","locations":[{"start":{"line":133,"column":8},"end":{"line":133,"column":18}},{"start":{"line":133,"column":22},"end":{"line":133,"column":39}},{"start":{"line":133,"column":43},"end":{"line":133,"column":56}},{"start":{"line":133,"column":60},"end":{"line":133,"column":73}},{"start":{"line":133,"column":77},"end":{"line":133,"column":90}},{"start":{"line":133,"column":94},"end":{"line":133,"column":107}}],"line":133},"23":{"loc":{"start":{"line":139,"column":4},"end":{"line":141,"column":5}},"type":"if","locations":[{"start":{"line":139,"column":4},"end":{"line":141,"column":5}},{"start":{},"end":{}}],"line":139},"24":{"loc":{"start":{"line":214,"column":4},"end":{"line":218,"column":5}},"type":"if","locations":[{"start":{"line":214,"column":4},"end":{"line":218,"column":5}},{"start":{"line":216,"column":11},"end":{"line":218,"column":5}}],"line":214},"25":{"loc":{"start":{"line":227,"column":25},"end":{"line":227,"column":57}},"type":"binary-expr","locations":[{"start":{"line":227,"column":25},"end":{"line":227,"column":38}},{"start":{"line":227,"column":42},"end":{"line":227,"column":57}}],"line":227},"26":{"loc":{"start":{"line":228,"column":23},"end":{"line":228,"column":46}},"type":"binary-expr","locations":[{"start":{"line":228,"column":23},"end":{"line":228,"column":39}},{"start":{"line":228,"column":43},"end":{"line":228,"column":46}}],"line":228},"27":{"loc":{"start":{"line":232,"column":15},"end":{"line":232,"column":36}},"type":"binary-expr","locations":[{"start":{"line":232,"column":15},"end":{"line":232,"column":28}},{"start":{"line":232,"column":32},"end":{"line":232,"column":36}}],"line":232},"28":{"loc":{"start":{"line":241,"column":4},"end":{"line":241,"column":78}},"type":"if","locations":[{"start":{"line":241,"column":4},"end":{"line":241,"column":78}},{"start":{},"end":{}}],"line":241},"29":{"loc":{"start":{"line":244,"column":4},"end":{"line":246,"column":5}},"type":"if","locations":[{"start":{"line":244,"column":4},"end":{"line":246,"column":5}},{"start":{},"end":{}}],"line":244},"30":{"loc":{"start":{"line":251,"column":25},"end":{"line":251,"column":57}},"type":"binary-expr","locations":[{"start":{"line":251,"column":25},"end":{"line":251,"column":38}},{"start":{"line":251,"column":42},"end":{"line":251,"column":57}}],"line":251},"31":{"loc":{"start":{"line":252,"column":23},"end":{"line":252,"column":46}},"type":"binary-expr","locations":[{"start":{"line":252,"column":23},"end":{"line":252,"column":39}},{"start":{"line":252,"column":43},"end":{"line":252,"column":46}}],"line":252},"32":{"loc":{"start":{"line":256,"column":15},"end":{"line":256,"column":36}},"type":"binary-expr","locations":[{"start":{"line":256,"column":15},"end":{"line":256,"column":28}},{"start":{"line":256,"column":32},"end":{"line":256,"column":36}}],"line":256},"33":{"loc":{"start":{"line":265,"column":4},"end":{"line":265,"column":78}},"type":"if","locations":[{"start":{"line":265,"column":4},"end":{"line":265,"column":78}},{"start":{},"end":{}}],"line":265},"34":{"loc":{"start":{"line":268,"column":4},"end":{"line":270,"column":5}},"type":"if","locations":[{"start":{"line":268,"column":4},"end":{"line":270,"column":5}},{"start":{},"end":{}}],"line":268},"35":{"loc":{"start":{"line":275,"column":25},"end":{"line":275,"column":57}},"type":"binary-expr","locations":[{"start":{"line":275,"column":25},"end":{"line":275,"column":38}},{"start":{"line":275,"column":42},"end":{"line":275,"column":57}}],"line":275},"36":{"loc":{"start":{"line":276,"column":23},"end":{"line":276,"column":46}},"type":"binary-expr","locations":[{"start":{"line":276,"column":23},"end":{"line":276,"column":39}},{"start":{"line":276,"column":43},"end":{"line":276,"column":46}}],"line":276},"37":{"loc":{"start":{"line":280,"column":15},"end":{"line":280,"column":36}},"type":"binary-expr","locations":[{"start":{"line":280,"column":15},"end":{"line":280,"column":28}},{"start":{"line":280,"column":32},"end":{"line":280,"column":36}}],"line":280},"38":{"loc":{"start":{"line":294,"column":4},"end":{"line":294,"column":53}},"type":"if","locations":[{"start":{"line":294,"column":4},"end":{"line":294,"column":53}},{"start":{},"end":{}}],"line":294},"39":{"loc":{"start":{"line":295,"column":4},"end":{"line":295,"column":74}},"type":"if","locations":[{"start":{"line":295,"column":4},"end":{"line":295,"column":74}},{"start":{},"end":{}}],"line":295},"40":{"loc":{"start":{"line":296,"column":4},"end":{"line":296,"column":63}},"type":"if","locations":[{"start":{"line":296,"column":4},"end":{"line":296,"column":63}},{"start":{},"end":{}}],"line":296},"41":{"loc":{"start":{"line":297,"column":4},"end":{"line":297,"column":62}},"type":"if","locations":[{"start":{"line":297,"column":4},"end":{"line":297,"column":62}},{"start":{},"end":{}}],"line":297},"42":{"loc":{"start":{"line":298,"column":4},"end":{"line":298,"column":62}},"type":"if","locations":[{"start":{"line":298,"column":4},"end":{"line":298,"column":62}},{"start":{},"end":{}}],"line":298},"43":{"loc":{"start":{"line":299,"column":4},"end":{"line":299,"column":62}},"type":"if","locations":[{"start":{"line":299,"column":4},"end":{"line":299,"column":62}},{"start":{},"end":{}}],"line":299},"44":{"loc":{"start":{"line":304,"column":4},"end":{"line":304,"column":78}},"type":"if","locations":[{"start":{"line":304,"column":4},"end":{"line":304,"column":78}},{"start":{},"end":{}}],"line":304},"45":{"loc":{"start":{"line":307,"column":4},"end":{"line":389,"column":5}},"type":"if","locations":[{"start":{"line":307,"column":4},"end":{"line":389,"column":5}},{"start":{},"end":{}}],"line":307},"46":{"loc":{"start":{"line":307,"column":8},"end":{"line":307,"column":101}},"type":"binary-expr","locations":[{"start":{"line":307,"column":8},"end":{"line":307,"column":17}},{"start":{"line":307,"column":21},"end":{"line":307,"column":37}},{"start":{"line":307,"column":41},"end":{"line":307,"column":53}},{"start":{"line":307,"column":57},"end":{"line":307,"column":69}},{"start":{"line":307,"column":73},"end":{"line":307,"column":85}},{"start":{"line":307,"column":89},"end":{"line":307,"column":101}}],"line":307},"47":{"loc":{"start":{"line":314,"column":6},"end":{"line":388,"column":7}},"type":"if","locations":[{"start":{"line":314,"column":6},"end":{"line":388,"column":7}},{"start":{"line":330,"column":13},"end":{"line":388,"column":7}}],"line":314},"48":{"loc":{"start":{"line":316,"column":8},"end":{"line":320,"column":9}},"type":"if","locations":[{"start":{"line":316,"column":8},"end":{"line":320,"column":9}},{"start":{},"end":{}}],"line":316},"49":{"loc":{"start":{"line":321,"column":8},"end":{"line":325,"column":9}},"type":"if","locations":[{"start":{"line":321,"column":8},"end":{"line":325,"column":9}},{"start":{},"end":{}}],"line":321},"50":{"loc":{"start":{"line":327,"column":8},"end":{"line":329,"column":9}},"type":"if","locations":[{"start":{"line":327,"column":8},"end":{"line":329,"column":9}},{"start":{},"end":{}}],"line":327},"51":{"loc":{"start":{"line":365,"column":23},"end":{"line":365,"column":38}},"type":"binary-expr","locations":[{"start":{"line":365,"column":23},"end":{"line":365,"column":32}},{"start":{"line":365,"column":36},"end":{"line":365,"column":38}}],"line":365},"52":{"loc":{"start":{"line":366,"column":29},"end":{"line":366,"column":51}},"type":"binary-expr","locations":[{"start":{"line":366,"column":29},"end":{"line":366,"column":45}},{"start":{"line":366,"column":49},"end":{"line":366,"column":51}}],"line":366},"53":{"loc":{"start":{"line":394,"column":25},"end":{"line":394,"column":57}},"type":"binary-expr","locations":[{"start":{"line":394,"column":25},"end":{"line":394,"column":38}},{"start":{"line":394,"column":42},"end":{"line":394,"column":57}}],"line":394},"54":{"loc":{"start":{"line":395,"column":23},"end":{"line":395,"column":46}},"type":"binary-expr","locations":[{"start":{"line":395,"column":23},"end":{"line":395,"column":39}},{"start":{"line":395,"column":43},"end":{"line":395,"column":46}}],"line":395},"55":{"loc":{"start":{"line":399,"column":15},"end":{"line":399,"column":36}},"type":"binary-expr","locations":[{"start":{"line":399,"column":15},"end":{"line":399,"column":28}},{"start":{"line":399,"column":32},"end":{"line":399,"column":36}}],"line":399},"56":{"loc":{"start":{"line":408,"column":4},"end":{"line":408,"column":78}},"type":"if","locations":[{"start":{"line":408,"column":4},"end":{"line":408,"column":78}},{"start":{},"end":{}}],"line":408},"57":{"loc":{"start":{"line":419,"column":25},"end":{"line":419,"column":57}},"type":"binary-expr","locations":[{"start":{"line":419,"column":25},"end":{"line":419,"column":38}},{"start":{"line":419,"column":42},"end":{"line":419,"column":57}}],"line":419},"58":{"loc":{"start":{"line":420,"column":23},"end":{"line":420,"column":46}},"type":"binary-expr","locations":[{"start":{"line":420,"column":23},"end":{"line":420,"column":39}},{"start":{"line":420,"column":43},"end":{"line":420,"column":46}}],"line":420},"59":{"loc":{"start":{"line":424,"column":15},"end":{"line":424,"column":36}},"type":"binary-expr","locations":[{"start":{"line":424,"column":15},"end":{"line":424,"column":28}},{"start":{"line":424,"column":32},"end":{"line":424,"column":36}}],"line":424},"60":{"loc":{"start":{"line":434,"column":4},"end":{"line":436,"column":5}},"type":"if","locations":[{"start":{"line":434,"column":4},"end":{"line":436,"column":5}},{"start":{},"end":{}}],"line":434},"61":{"loc":{"start":{"line":442,"column":4},"end":{"line":499,"column":5}},"type":"if","locations":[{"start":{"line":442,"column":4},"end":{"line":499,"column":5}},{"start":{},"end":{}}],"line":442},"62":{"loc":{"start":{"line":476,"column":21},"end":{"line":476,"column":44}},"type":"binary-expr","locations":[{"start":{"line":476,"column":21},"end":{"line":476,"column":38}},{"start":{"line":476,"column":42},"end":{"line":476,"column":44}}],"line":476},"63":{"loc":{"start":{"line":477,"column":27},"end":{"line":477,"column":57}},"type":"binary-expr","locations":[{"start":{"line":477,"column":27},"end":{"line":477,"column":51}},{"start":{"line":477,"column":55},"end":{"line":477,"column":57}}],"line":477},"64":{"loc":{"start":{"line":507,"column":25},"end":{"line":507,"column":57}},"type":"binary-expr","locations":[{"start":{"line":507,"column":25},"end":{"line":507,"column":38}},{"start":{"line":507,"column":42},"end":{"line":507,"column":57}}],"line":507},"65":{"loc":{"start":{"line":508,"column":23},"end":{"line":508,"column":46}},"type":"binary-expr","locations":[{"start":{"line":508,"column":23},"end":{"line":508,"column":39}},{"start":{"line":508,"column":43},"end":{"line":508,"column":46}}],"line":508},"66":{"loc":{"start":{"line":512,"column":15},"end":{"line":512,"column":36}},"type":"binary-expr","locations":[{"start":{"line":512,"column":15},"end":{"line":512,"column":28}},{"start":{"line":512,"column":32},"end":{"line":512,"column":36}}],"line":512}},"s":{"0":0,"1":0,"2":0,"3":0,"4":0,"5":0,"6":0,"7":0,"8":0,"9":0,"10":0,"11":0,"12":0,"13":0,"14":0,"15":0,"16":0,"17":0,"18":0,"19":0,"20":0,"21":0,"22":0,"23":0,"24":0,"25":0,"26":0,"27":0,"28":0,"29":0,"30":0,"31":0,"32":0,"33":0,"34":0,"35":0,"36":0,"37":0,"38":0,"39":0,"40":0,"41":0,"42":0,"43":0,"44":0,"45":0,"46":0,"47":0,"48":0,"49":0,"50":0,"51":0,"52":0,"53":0,"54":0,"55":0,"56":0,"57":0,"58":0,"59":0,"60":0,"61":0,"62":0,"63":0,"64":0,"65":0,"66":0,"67":0,"68":0,"69":0,"70":0,"71":0,"72":0,"73":0,"74":0,"75":0,"76":0,"77":0,"78":0,"79":0,"80":0,"81":0,"82":0,"83":0,"84":0,"85":0,"86":0,"87":0,"88":0,"89":0,"90":0,"91":0,"92":0,"93":0,"94":0,"95":0,"96":0,"97":0,"98":0,"99":0,"100":0,"101":0,"102":0,"103":0,"104":0,"105":0,"106":0,"107":0,"108":0,"109":0,"110":0,"111":0,"112":0,"113":0,"114":0,"115":0,"116":0,"117":0,"118":0,"119":0,"120":0,"121":0,"122":0,"123":0,"124":0,"125":0,"126":0,"127":0,"128":0,"129":0,"130":0,"131":0,"132":0,"133":0,"134":0,"135":0,"136":0,"137":0,"138":0,"139":0,"140":0,"141":0,"142":0,"143":0},"f":{"0":0,"1":0,"2":0,"3":0,"4":0,"5":0,"6":0,"7":0},"b":{"0":[0,0,0,0,0,0],"1":[0,0],"2":[0,0,0,0,0],"3":[0,0],"4":[0,0],"5":[0,0],"6":[0,0],"7":[0,0],"8":[0,0],"9":[0,0],"10":[0,0],"11":[0,0],"12":[0,0],"13":[0,0],"14":[0,0],"15":[0,0],"16":[0,0],"17":[0,0],"18":[0,0],"19":[0,0],"20":[0,0],"21":[0,0],"22":[0,0,0,0,0,0],"23":[0,0],"24":[0,0],"25":[0,0],"26":[0,0],"27":[0,0],"28":[0,0],"29":[0,0],"30":[0,0],"31":[0,0],"32":[0,0],"33":[0,0],"34":[0,0],"35":[0,0],"36":[0,0],"37":[0,0],"38":[0,0],"39":[0,0],"40":[0,0],"41":[0,0],"42":[0,0],"43":[0,0],"44":[0,0],"45":[0,0],"46":[0,0,0,0,0,0],"47":[0,0],"48":[0,0],"49":[0,0],"50":[0,0],"51":[0,0],"52":[0,0],"53":[0,0],"54":[0,0],"55":[0,0],"56":[0,0],"57":[0,0],"58":[0,0],"59":[0,0],"60":[0,0],"61":[0,0],"62":[0,0],"63":[0,0],"64":[0,0],"65":[0,0],"66":[0,0]}}
,"C:\\Users\\Win10\\Desktop\\supermall-backend\\vendor-service\\models\\Service.js": {"path":"C:\\Users\\Win10\\Desktop\\supermall-backend\\vendor-service\\models\\Service.js","statementMap":{"0":{"start":{"line":2,"column":11},"end":{"line":2,"column":40}},"1":{"start":{"line":3,"column":15},"end":{"line":3,"column":35}},"2":{"start":{"line":6,"column":18},"end":{"line":6,"column":21}},"3":{"start":{"line":7,"column":18},"end":{"line":7,"column":27}},"4":{"start":{"line":8,"column":17},"end":{"line":8,"column":19}},"5":{"start":{"line":9,"column":25},"end":{"line":9,"column":30}},"6":{"start":{"line":10,"column":29},"end":{"line":10,"column":57}},"7":{"start":{"line":11,"column":24},"end":{"line":11,"column":90}},"8":{"start":{"line":12,"column":27},"end":{"line":12,"column":72}},"9":{"start":{"line":16,"column":4},"end":{"line":16,"column":22}},"10":{"start":{"line":17,"column":4},"end":{"line":17,"column":26}},"11":{"start":{"line":18,"column":4},"end":{"line":18,"column":40}},"12":{"start":{"line":19,"column":4},"end":{"line":19,"column":28}},"13":{"start":{"line":20,"column":4},"end":{"line":20,"column":54}},"14":{"start":{"line":21,"column":4},"end":{"line":21,"column":26}},"15":{"start":{"line":22,"column":4},"end":{"line":22,"column":43}},"16":{"start":{"line":23,"column":4},"end":{"line":23,"column":36}},"17":{"start":{"line":24,"column":4},"end":{"line":24,"column":40}},"18":{"start":{"line":25,"column":4},"end":{"line":25,"column":44}},"19":{"start":{"line":26,"column":4},"end":{"line":26,"column":58}},"20":{"start":{"line":27,"column":4},"end":{"line":27,"column":32}},"21":{"start":{"line":28,"column":4},"end":{"line":28,"column":40}},"22":{"start":{"line":29,"column":4},"end":{"line":29,"column":44}},"23":{"start":{"line":30,"column":4},"end":{"line":30,"column":37}},"24":{"start":{"line":31,"column":4},"end":{"line":31,"column":47}},"25":{"start":{"line":32,"column":4},"end":{"line":32,"column":83}},"26":{"start":{"line":33,"column":4},"end":{"line":33,"column":49}},"27":{"start":{"line":34,"column":4},"end":{"line":34,"column":52}},"28":{"start":{"line":35,"column":4},"end":{"line":35,"column":48}},"29":{"start":{"line":36,"column":4},"end":{"line":36,"column":66}},"30":{"start":{"line":37,"column":4},"end":{"line":37,"column":62}},"31":{"start":{"line":38,"column":4},"end":{"line":38,"column":60}},"32":{"start":{"line":39,"column":4},"end":{"line":39,"column":38}},"33":{"start":{"line":40,"column":4},"end":{"line":40,"column":38}},"34":{"start":{"line":45,"column":19},"end":{"line":45,"column":21}},"35":{"start":{"line":48,"column":4},"end":{"line":48,"column":52}},"36":{"start":{"line":48,"column":20},"end":{"line":48,"column":52}},"37":{"start":{"line":49,"column":4},"end":{"line":49,"column":59}},"38":{"start":{"line":49,"column":27},"end":{"line":49,"column":59}},"39":{"start":{"line":50,"column":4},"end":{"line":50,"column":66}},"40":{"start":{"line":50,"column":34},"end":{"line":50,"column":66}},"41":{"start":{"line":51,"column":4},"end":{"line":51,"column":52}},"42":{"start":{"line":51,"column":20},"end":{"line":51,"column":52}},"43":{"start":{"line":52,"column":4},"end":{"line":52,"column":58}},"44":{"start":{"line":52,"column":25},"end":{"line":52,"column":58}},"45":{"start":{"line":53,"column":4},"end":{"line":53,"column":59}},"46":{"start":{"line":53,"column":27},"end":{"line":53,"column":59}},"47":{"start":{"line":54,"column":4},"end":{"line":54,"column":59}},"48":{"start":{"line":54,"column":27},"end":{"line":54,"column":59}},"49":{"start":{"line":55,"column":4},"end":{"line":55,"column":60}},"50":{"start":{"line":55,"column":29},"end":{"line":55,"column":60}},"51":{"start":{"line":58,"column":4},"end":{"line":60,"column":5}},"52":{"start":{"line":59,"column":6},"end":{"line":59,"column":71}},"53":{"start":{"line":62,"column":4},"end":{"line":64,"column":5}},"54":{"start":{"line":63,"column":6},"end":{"line":63,"column":96}},"55":{"start":{"line":66,"column":4},"end":{"line":68,"column":5}},"56":{"start":{"line":67,"column":6},"end":{"line":67,"column":94}},"57":{"start":{"line":70,"column":4},"end":{"line":72,"column":5}},"58":{"start":{"line":71,"column":6},"end":{"line":71,"column":98}},"59":{"start":{"line":74,"column":4},"end":{"line":76,"column":5}},"60":{"start":{"line":75,"column":6},"end":{"line":75,"column":72}},"61":{"start":{"line":78,"column":4},"end":{"line":80,"column":5}},"62":{"start":{"line":79,"column":6},"end":{"line":79,"column":51}},"63":{"start":{"line":82,"column":4},"end":{"line":84,"column":5}},"64":{"start":{"line":83,"column":6},"end":{"line":83,"column":57}},"65":{"start":{"line":86,"column":4},"end":{"line":88,"column":5}},"66":{"start":{"line":87,"column":6},"end":{"line":87,"column":63}},"67":{"start":{"line":91,"column":4},"end":{"line":97,"column":5}},"68":{"start":{"line":92,"column":24},"end":{"line":92,"column":59}},"69":{"start":{"line":93,"column":22},"end":{"line":93,"column":55}},"70":{"start":{"line":94,"column":6},"end":{"line":96,"column":7}},"71":{"start":{"line":95,"column":8},"end":{"line":95,"column":63}},"72":{"start":{"line":99,"column":4},"end":{"line":99,"column":18}},"73":{"start":{"line":104,"column":26},"end":{"line":104,"column":28}},"74":{"start":{"line":105,"column":4},"end":{"line":117,"column":5}},"75":{"start":{"line":106,"column":6},"end":{"line":116,"column":7}},"76":{"start":{"line":107,"column":25},"end":{"line":107,"column":84}},"77":{"start":{"line":107,"column":57},"end":{"line":107,"column":83}},"78":{"start":{"line":108,"column":20},"end":{"line":108,"column":29}},"79":{"start":{"line":111,"column":8},"end":{"line":113,"column":9}},"80":{"start":{"line":112,"column":10},"end":{"line":112,"column":40}},"81":{"start":{"line":115,"column":8},"end":{"line":115,"column":40}},"82":{"start":{"line":118,"column":4},"end":{"line":118,"column":25}},"83":{"start":{"line":123,"column":26},"end":{"line":123,"column":28}},"84":{"start":{"line":124,"column":4},"end":{"line":140,"column":5}},"85":{"start":{"line":125,"column":6},"end":{"line":139,"column":7}},"86":{"start":{"line":126,"column":25},"end":{"line":126,"column":86}},"87":{"start":{"line":126,"column":65},"end":{"line":126,"column":85}},"88":{"start":{"line":127,"column":20},"end":{"line":127,"column":29}},"89":{"start":{"line":130,"column":8},"end":{"line":136,"column":9}},"90":{"start":{"line":131,"column":10},"end":{"line":135,"column":11}},"91":{"start":{"line":132,"column":12},"end":{"line":132,"column":38}},"92":{"start":{"line":138,"column":8},"end":{"line":138,"column":40}},"93":{"start":{"line":141,"column":4},"end":{"line":141,"column":25}},"94":{"start":{"line":146,"column":4},"end":{"line":177,"column":5}},"95":{"start":{"line":148,"column":31},"end":{"line":148,"column":57}},"96":{"start":{"line":149,"column":6},"end":{"line":151,"column":7}},"97":{"start":{"line":150,"column":8},"end":{"line":150,"column":85}},"98":{"start":{"line":154,"column":21},"end":{"line":154,"column":50}},"99":{"start":{"line":157,"column":18},"end":{"line":157,"column":28}},"100":{"start":{"line":158,"column":6},"end":{"line":158,"column":30}},"101":{"start":{"line":159,"column":6},"end":{"line":159,"column":30}},"102":{"start":{"line":162,"column":21},"end":{"line":162,"column":51}},"103":{"start":{"line":163,"column":27},"end":{"line":163,"column":72}},"104":{"start":{"line":163,"column":57},"end":{"line":163,"column":60}},"105":{"start":{"line":164,"column":21},"end":{"line":164,"column":42}},"106":{"start":{"line":166,"column":23},"end":{"line":169,"column":7}},"107":{"start":{"line":172,"column":21},"end":{"line":172,"column":93}},"108":{"start":{"line":173,"column":6},"end":{"line":173,"column":52}},"109":{"start":{"line":175,"column":6},"end":{"line":175,"column":54}},"110":{"start":{"line":176,"column":6},"end":{"line":176,"column":18}},"111":{"start":{"line":182,"column":4},"end":{"line":189,"column":5}},"112":{"start":{"line":183,"column":21},"end":{"line":183,"column":80}},"113":{"start":{"line":184,"column":6},"end":{"line":184,"column":41}},"114":{"start":{"line":184,"column":29},"end":{"line":184,"column":41}},"115":{"start":{"line":185,"column":6},"end":{"line":185,"column":52}},"116":{"start":{"line":187,"column":6},"end":{"line":187,"column":65}},"117":{"start":{"line":188,"column":6},"end":{"line":188,"column":18}},"118":{"start":{"line":194,"column":4},"end":{"line":217,"column":5}},"119":{"start":{"line":195,"column":18},"end":{"line":195,"column":42}},"120":{"start":{"line":196,"column":21},"end":{"line":196,"column":23}},"121":{"start":{"line":197,"column":25},"end":{"line":197,"column":27}},"122":{"start":{"line":200,"column":6},"end":{"line":205,"column":7}},"123":{"start":{"line":201,"column":8},"end":{"line":204,"column":9}},"124":{"start":{"line":202,"column":10},"end":{"line":202,"column":40}},"125":{"start":{"line":203,"column":10},"end":{"line":203,"column":29}},"126":{"start":{"line":208,"column":6},"end":{"line":210,"column":7}},"127":{"start":{"line":209,"column":8},"end":{"line":209,"column":54}},"128":{"start":{"line":212,"column":21},"end":{"line":212,"column":50}},"129":{"start":{"line":213,"column":6},"end":{"line":213,"column":65}},"130":{"start":{"line":213,"column":29},"end":{"line":213,"column":63}},"131":{"start":{"line":215,"column":6},"end":{"line":215,"column":54}},"132":{"start":{"line":216,"column":6},"end":{"line":216,"column":18}},"133":{"start":{"line":222,"column":4},"end":{"line":249,"column":5}},"134":{"start":{"line":224,"column":22},"end":{"line":224,"column":45}},"135":{"start":{"line":225,"column":6},"end":{"line":227,"column":7}},"136":{"start":{"line":226,"column":8},"end":{"line":226,"column":45}},"137":{"start":{"line":230,"column":21},"end":{"line":230,"column":49}},"138":{"start":{"line":233,"column":6},"end":{"line":233,"column":37}},"139":{"start":{"line":236,"column":24},"end":{"line":236,"column":79}},"140":{"start":{"line":236,"column":55},"end":{"line":236,"column":67}},"141":{"start":{"line":237,"column":21},"end":{"line":237,"column":51}},"142":{"start":{"line":239,"column":6},"end":{"line":242,"column":8}},"143":{"start":{"line":245,"column":6},"end":{"line":245,"column":37}},"144":{"start":{"line":247,"column":6},"end":{"line":247,"column":64}},"145":{"start":{"line":248,"column":6},"end":{"line":248,"column":18}},"146":{"start":{"line":254,"column":4},"end":{"line":266,"column":5}},"147":{"start":{"line":256,"column":22},"end":{"line":256,"column":45}},"148":{"start":{"line":257,"column":6},"end":{"line":259,"column":7}},"149":{"start":{"line":258,"column":8},"end":{"line":258,"column":45}},"150":{"start":{"line":261,"column":6},"end":{"line":261,"column":64}},"151":{"start":{"line":262,"column":6},"end":{"line":262,"column":21}},"152":{"start":{"line":264,"column":6},"end":{"line":264,"column":62}},"153":{"start":{"line":265,"column":6},"end":{"line":265,"column":18}},"154":{"start":{"line":271,"column":4},"end":{"line":285,"column":5}},"155":{"start":{"line":272,"column":18},"end":{"line":272,"column":62}},"156":{"start":{"line":273,"column":21},"end":{"line":273,"column":31}},"157":{"start":{"line":275,"column":6},"end":{"line":278,"column":7}},"158":{"start":{"line":276,"column":8},"end":{"line":276,"column":35}},"159":{"start":{"line":277,"column":8},"end":{"line":277,"column":28}},"160":{"start":{"line":280,"column":21},"end":{"line":280,"column":50}},"161":{"start":{"line":281,"column":6},"end":{"line":281,"column":65}},"162":{"start":{"line":281,"column":29},"end":{"line":281,"column":63}},"163":{"start":{"line":283,"column":6},"end":{"line":283,"column":71}},"164":{"start":{"line":284,"column":6},"end":{"line":284,"column":18}},"165":{"start":{"line":290,"column":4},"end":{"line":299,"column":5}},"166":{"start":{"line":291,"column":21},"end":{"line":294,"column":7}},"167":{"start":{"line":295,"column":6},"end":{"line":295,"column":65}},"168":{"start":{"line":295,"column":29},"end":{"line":295,"column":63}},"169":{"start":{"line":297,"column":6},"end":{"line":297,"column":62}},"170":{"start":{"line":298,"column":6},"end":{"line":298,"column":18}},"171":{"start":{"line":304,"column":4},"end":{"line":344,"column":5}},"172":{"start":{"line":305,"column":60},"end":{"line":305,"column":72}},"173":{"start":{"line":306,"column":21},"end":{"line":306,"column":83}},"174":{"start":{"line":307,"column":21},"end":{"line":307,"column":37}},"175":{"start":{"line":310,"column":6},"end":{"line":314,"column":7}},"176":{"start":{"line":311,"column":8},"end":{"line":311,"column":106}},"177":{"start":{"line":312,"column":27},"end":{"line":312,"column":39}},"178":{"start":{"line":313,"column":8},"end":{"line":313,"column":51}},"179":{"start":{"line":317,"column":6},"end":{"line":320,"column":7}},"180":{"start":{"line":318,"column":8},"end":{"line":318,"column":43}},"181":{"start":{"line":319,"column":8},"end":{"line":319,"column":30}},"182":{"start":{"line":323,"column":6},"end":{"line":326,"column":7}},"183":{"start":{"line":324,"column":8},"end":{"line":324,"column":36}},"184":{"start":{"line":325,"column":8},"end":{"line":325,"column":26}},"185":{"start":{"line":329,"column":6},"end":{"line":332,"column":7}},"186":{"start":{"line":330,"column":8},"end":{"line":330,"column":38}},"187":{"start":{"line":331,"column":8},"end":{"line":331,"column":42}},"188":{"start":{"line":334,"column":6},"end":{"line":337,"column":7}},"189":{"start":{"line":335,"column":8},"end":{"line":335,"column":38}},"190":{"start":{"line":336,"column":8},"end":{"line":336,"column":42}},"191":{"start":{"line":339,"column":21},"end":{"line":339,"column":53}},"192":{"start":{"line":340,"column":6},"end":{"line":340,"column":65}},"193":{"start":{"line":340,"column":29},"end":{"line":340,"column":63}},"194":{"start":{"line":342,"column":6},"end":{"line":342,"column":54}},"195":{"start":{"line":343,"column":6},"end":{"line":343,"column":18}},"196":{"start":{"line":349,"column":4},"end":{"line":358,"column":5}},"197":{"start":{"line":350,"column":6},"end":{"line":353,"column":8}},"198":{"start":{"line":354,"column":6},"end":{"line":354,"column":37}},"199":{"start":{"line":356,"column":6},"end":{"line":356,"column":62}},"200":{"start":{"line":357,"column":6},"end":{"line":357,"column":18}},"201":{"start":{"line":363,"column":4},"end":{"line":363,"column":69}},"202":{"start":{"line":363,"column":56},"end":{"line":363,"column":69}},"203":{"start":{"line":364,"column":4},"end":{"line":364,"column":76}},"204":{"start":{"line":364,"column":64},"end":{"line":364,"column":76}},"205":{"start":{"line":366,"column":16},"end":{"line":366,"column":26}},"206":{"start":{"line":367,"column":4},"end":{"line":367,"column":96}},"207":{"start":{"line":371,"column":20},"end":{"line":377,"column":5}},"208":{"start":{"line":378,"column":4},"end":{"line":378,"column":40}},"209":{"start":{"line":382,"column":22},"end":{"line":387,"column":5}},"210":{"start":{"line":388,"column":4},"end":{"line":388,"column":52}},"211":{"start":{"line":392,"column":4},"end":{"line":402,"column":5}},"212":{"start":{"line":393,"column":6},"end":{"line":393,"column":48}},"213":{"start":{"line":395,"column":20},"end":{"line":395,"column":60}},"214":{"start":{"line":396,"column":22},"end":{"line":396,"column":50}},"215":{"start":{"line":397,"column":6},"end":{"line":401,"column":7}},"216":{"start":{"line":398,"column":8},"end":{"line":398,"column":31}},"217":{"start":{"line":400,"column":8},"end":{"line":400,"column":50}},"218":{"start":{"line":406,"column":0},"end":{"line":406,"column":25}}},"fnMap":{"0":{"name":"(anonymous_0)","decl":{"start":{"line":15,"column":2},"end":{"line":15,"column":3}},"loc":{"start":{"line":15,"column":20},"end":{"line":41,"column":3}},"line":15},"1":{"name":"(anonymous_1)","decl":{"start":{"line":44,"column":2},"end":{"line":44,"column":3}},"loc":{"start":{"line":44,"column":24},"end":{"line":100,"column":3}},"line":44},"2":{"name":"(anonymous_2)","decl":{"start":{"line":103,"column":2},"end":{"line":103,"column":3}},"loc":{"start":{"line":103,"column":27},"end":{"line":119,"column":3}},"line":103},"3":{"name":"(anonymous_3)","decl":{"start":{"line":107,"column":47},"end":{"line":107,"column":48}},"loc":{"start":{"line":107,"column":57},"end":{"line":107,"column":83}},"line":107},"4":{"name":"(anonymous_4)","decl":{"start":{"line":122,"column":2},"end":{"line":122,"column":3}},"loc":{"start":{"line":122,"column":27},"end":{"line":142,"column":3}},"line":122},"5":{"name":"(anonymous_5)","decl":{"start":{"line":126,"column":50},"end":{"line":126,"column":51}},"loc":{"start":{"line":126,"column":65},"end":{"line":126,"column":85}},"line":126},"6":{"name":"(anonymous_6)","decl":{"start":{"line":145,"column":2},"end":{"line":145,"column":3}},"loc":{"start":{"line":145,"column":35},"end":{"line":178,"column":3}},"line":145},"7":{"name":"(anonymous_7)","decl":{"start":{"line":163,"column":51},"end":{"line":163,"column":52}},"loc":{"start":{"line":163,"column":57},"end":{"line":163,"column":60}},"line":163},"8":{"name":"(anonymous_8)","decl":{"start":{"line":181,"column":2},"end":{"line":181,"column":3}},"loc":{"start":{"line":181,"column":28},"end":{"line":190,"column":3}},"line":181},"9":{"name":"(anonymous_9)","decl":{"start":{"line":193,"column":2},"end":{"line":193,"column":3}},"loc":{"start":{"line":193,"column":35},"end":{"line":218,"column":3}},"line":193},"10":{"name":"(anonymous_10)","decl":{"start":{"line":213,"column":22},"end":{"line":213,"column":23}},"loc":{"start":{"line":213,"column":29},"end":{"line":213,"column":63}},"line":213},"11":{"name":"(anonymous_11)","decl":{"start":{"line":221,"column":2},"end":{"line":221,"column":3}},"loc":{"start":{"line":221,"column":38},"end":{"line":250,"column":3}},"line":221},"12":{"name":"(anonymous_12)","decl":{"start":{"line":236,"column":48},"end":{"line":236,"column":49}},"loc":{"start":{"line":236,"column":55},"end":{"line":236,"column":67}},"line":236},"13":{"name":"(anonymous_13)","decl":{"start":{"line":253,"column":2},"end":{"line":253,"column":3}},"loc":{"start":{"line":253,"column":26},"end":{"line":267,"column":3}},"line":253},"14":{"name":"(anonymous_14)","decl":{"start":{"line":270,"column":2},"end":{"line":270,"column":3}},"loc":{"start":{"line":270,"column":55},"end":{"line":286,"column":3}},"line":270},"15":{"name":"(anonymous_15)","decl":{"start":{"line":281,"column":22},"end":{"line":281,"column":23}},"loc":{"start":{"line":281,"column":29},"end":{"line":281,"column":63}},"line":281},"16":{"name":"(anonymous_16)","decl":{"start":{"line":289,"column":2},"end":{"line":289,"column":3}},"loc":{"start":{"line":289,"column":40},"end":{"line":300,"column":3}},"line":289},"17":{"name":"(anonymous_17)","decl":{"start":{"line":295,"column":22},"end":{"line":295,"column":23}},"loc":{"start":{"line":295,"column":29},"end":{"line":295,"column":63}},"line":295},"18":{"name":"(anonymous_18)","decl":{"start":{"line":303,"column":2},"end":{"line":303,"column":3}},"loc":{"start":{"line":303,"column":36},"end":{"line":345,"column":3}},"line":303},"19":{"name":"(anonymous_19)","decl":{"start":{"line":340,"column":22},"end":{"line":340,"column":23}},"loc":{"start":{"line":340,"column":29},"end":{"line":340,"column":63}},"line":340},"20":{"name":"(anonymous_20)","decl":{"start":{"line":348,"column":2},"end":{"line":348,"column":3}},"loc":{"start":{"line":348,"column":53},"end":{"line":359,"column":3}},"line":348},"21":{"name":"(anonymous_21)","decl":{"start":{"line":362,"column":2},"end":{"line":362,"column":3}},"loc":{"start":{"line":362,"column":25},"end":{"line":368,"column":3}},"line":362},"22":{"name":"(anonymous_22)","decl":{"start":{"line":370,"column":2},"end":{"line":370,"column":3}},"loc":{"start":{"line":370,"column":16},"end":{"line":379,"column":3}},"line":370},"23":{"name":"(anonymous_23)","decl":{"start":{"line":381,"column":2},"end":{"line":381,"column":3}},"loc":{"start":{"line":381,"column":18},"end":{"line":389,"column":3}},"line":381},"24":{"name":"(anonymous_24)","decl":{"start":{"line":391,"column":2},"end":{"line":391,"column":3}},"loc":{"start":{"line":391,"column":25},"end":{"line":403,"column":3}},"line":391}},"branchMap":{"0":{"loc":{"start":{"line":20,"column":20},"end":{"line":20,"column":53}},"type":"binary-expr","locations":[{"start":{"line":20,"column":20},"end":{"line":20,"column":33}},{"start":{"line":20,"column":37},"end":{"line":20,"column":53}}],"line":20},"1":{"loc":{"start":{"line":22,"column":18},"end":{"line":22,"column":42}},"type":"binary-expr","locations":[{"start":{"line":22,"column":18},"end":{"line":22,"column":29}},{"start":{"line":22,"column":33},"end":{"line":22,"column":42}}],"line":22},"2":{"loc":{"start":{"line":25,"column":21},"end":{"line":25,"column":43}},"type":"binary-expr","locations":[{"start":{"line":25,"column":21},"end":{"line":25,"column":35}},{"start":{"line":25,"column":39},"end":{"line":25,"column":43}}],"line":25},"3":{"loc":{"start":{"line":26,"column":29},"end":{"line":26,"column":57}},"type":"binary-expr","locations":[{"start":{"line":26,"column":29},"end":{"line":26,"column":51}},{"start":{"line":26,"column":55},"end":{"line":26,"column":57}}],"line":26},"4":{"loc":{"start":{"line":27,"column":16},"end":{"line":27,"column":31}},"type":"binary-expr","locations":[{"start":{"line":27,"column":16},"end":{"line":27,"column":25}},{"start":{"line":27,"column":29},"end":{"line":27,"column":31}}],"line":27},"5":{"loc":{"start":{"line":30,"column":18},"end":{"line":30,"column":36}},"type":"binary-expr","locations":[{"start":{"line":30,"column":18},"end":{"line":30,"column":29}},{"start":{"line":30,"column":33},"end":{"line":30,"column":36}}],"line":30},"6":{"loc":{"start":{"line":31,"column":24},"end":{"line":31,"column":46}},"type":"binary-expr","locations":[{"start":{"line":31,"column":24},"end":{"line":31,"column":41}},{"start":{"line":31,"column":45},"end":{"line":31,"column":46}}],"line":31},"7":{"loc":{"start":{"line":32,"column":24},"end":{"line":32,"column":82}},"type":"cond-expr","locations":[{"start":{"line":32,"column":58},"end":{"line":32,"column":75}},{"start":{"line":32,"column":78},"end":{"line":32,"column":82}}],"line":32},"8":{"loc":{"start":{"line":33,"column":23},"end":{"line":33,"column":48}},"type":"binary-expr","locations":[{"start":{"line":33,"column":23},"end":{"line":33,"column":39}},{"start":{"line":33,"column":43},"end":{"line":33,"column":48}}],"line":33},"9":{"loc":{"start":{"line":34,"column":26},"end":{"line":34,"column":51}},"type":"binary-expr","locations":[{"start":{"line":34,"column":26},"end":{"line":34,"column":45}},{"start":{"line":34,"column":49},"end":{"line":34,"column":51}}],"line":34},"10":{"loc":{"start":{"line":35,"column":24},"end":{"line":35,"column":47}},"type":"binary-expr","locations":[{"start":{"line":35,"column":24},"end":{"line":35,"column":41}},{"start":{"line":35,"column":45},"end":{"line":35,"column":47}}],"line":35},"11":{"loc":{"start":{"line":36,"column":32},"end":{"line":36,"column":65}},"type":"binary-expr","locations":[{"start":{"line":36,"column":32},"end":{"line":36,"column":57}},{"start":{"line":36,"column":61},"end":{"line":36,"column":65}}],"line":36},"12":{"loc":{"start":{"line":37,"column":30},"end":{"line":37,"column":61}},"type":"binary-expr","locations":[{"start":{"line":37,"column":30},"end":{"line":37,"column":53}},{"start":{"line":37,"column":57},"end":{"line":37,"column":61}}],"line":37},"13":{"loc":{"start":{"line":38,"column":30},"end":{"line":38,"column":59}},"type":"binary-expr","locations":[{"start":{"line":38,"column":30},"end":{"line":38,"column":53}},{"start":{"line":38,"column":57},"end":{"line":38,"column":59}}],"line":38},"14":{"loc":{"start":{"line":48,"column":4},"end":{"line":48,"column":52}},"type":"if","locations":[{"start":{"line":48,"column":4},"end":{"line":48,"column":52}},{"start":{},"end":{}}],"line":48},"15":{"loc":{"start":{"line":49,"column":4},"end":{"line":49,"column":59}},"type":"if","locations":[{"start":{"line":49,"column":4},"end":{"line":49,"column":59}},{"start":{},"end":{}}],"line":49},"16":{"loc":{"start":{"line":50,"column":4},"end":{"line":50,"column":66}},"type":"if","locations":[{"start":{"line":50,"column":4},"end":{"line":50,"column":66}},{"start":{},"end":{}}],"line":50},"17":{"loc":{"start":{"line":51,"column":4},"end":{"line":51,"column":52}},"type":"if","locations":[{"start":{"line":51,"column":4},"end":{"line":51,"column":52}},{"start":{},"end":{}}],"line":51},"18":{"loc":{"start":{"line":52,"column":4},"end":{"line":52,"column":58}},"type":"if","locations":[{"start":{"line":52,"column":4},"end":{"line":52,"column":58}},{"start":{},"end":{}}],"line":52},"19":{"loc":{"start":{"line":53,"column":4},"end":{"line":53,"column":59}},"type":"if","locations":[{"start":{"line":53,"column":4},"end":{"line":53,"column":59}},{"start":{},"end":{}}],"line":53},"20":{"loc":{"start":{"line":54,"column":4},"end":{"line":54,"column":59}},"type":"if","locations":[{"start":{"line":54,"column":4},"end":{"line":54,"column":59}},{"start":{},"end":{}}],"line":54},"21":{"loc":{"start":{"line":55,"column":4},"end":{"line":55,"column":60}},"type":"if","locations":[{"start":{"line":55,"column":4},"end":{"line":55,"column":60}},{"start":{},"end":{}}],"line":55},"22":{"loc":{"start":{"line":58,"column":4},"end":{"line":60,"column":5}},"type":"if","locations":[{"start":{"line":58,"column":4},"end":{"line":60,"column":5}},{"start":{},"end":{}}],"line":58},"23":{"loc":{"start":{"line":58,"column":8},"end":{"line":58,"column":86}},"type":"binary-expr","locations":[{"start":{"line":58,"column":8},"end":{"line":58,"column":32}},{"start":{"line":58,"column":37},"end":{"line":58,"column":59}},{"start":{"line":58,"column":63},"end":{"line":58,"column":85}}],"line":58},"24":{"loc":{"start":{"line":62,"column":4},"end":{"line":64,"column":5}},"type":"if","locations":[{"start":{"line":62,"column":4},"end":{"line":64,"column":5}},{"start":{},"end":{}}],"line":62},"25":{"loc":{"start":{"line":62,"column":8},"end":{"line":62,"col
[...]
:{"start":{"line":313,"column":6},"end":{"line":326,"column":7}},"129":{"start":{"line":314,"column":34},"end":{"line":314,"column":57}},"130":{"start":{"line":317,"column":31},"end":{"line":320,"column":9}},"131":{"start":{"line":322,"column":8},"end":{"line":325,"column":9}},"132":{"start":{"line":324,"column":10},"end":{"line":324,"column":80}},"133":{"start":{"line":329,"column":6},"end":{"line":329,"column":31}},"134":{"start":{"line":331,"column":6},"end":{"line":331,"column":18}},"135":{"start":{"line":337,"column":4},"end":{"line":354,"column":5}},"136":{"start":{"line":339,"column":22},"end":{"line":339,"column":45}},"137":{"start":{"line":340,"column":6},"end":{"line":342,"column":7}},"138":{"start":{"line":341,"column":8},"end":{"line":341,"column":56}},"139":{"start":{"line":345,"column":20},"end":{"line":345,"column":98}},"140":{"start":{"line":346,"column":21},"end":{"line":346,"column":66}},"141":{"start":{"line":348,"column":6},"end":{"line":348,"column":40}},"142":{"start":{"line":351,"column":6},"end":{"line":351,"column":31}},"143":{"start":{"line":353,"column":6},"end":{"line":353,"column":18}},"144":{"start":{"line":360,"column":4},"end":{"line":362,"column":5}},"145":{"start":{"line":361,"column":6},"end":{"line":361,"column":47}},"146":{"start":{"line":364,"column":4},"end":{"line":366,"column":5}},"147":{"start":{"line":365,"column":6},"end":{"line":365,"column":44}},"148":{"start":{"line":368,"column":4},"end":{"line":370,"column":5}},"149":{"start":{"line":369,"column":6},"end":{"line":369,"column":58}},"150":{"start":{"line":372,"column":4},"end":{"line":374,"column":5}},"151":{"start":{"line":373,"column":6},"end":{"line":373,"column":51}},"152":{"start":{"line":377,"column":24},"end":{"line":377,"column":40}},"153":{"start":{"line":378,"column":4},"end":{"line":380,"column":5}},"154":{"start":{"line":379,"column":6},"end":{"line":379,"column":56}},"155":{"start":{"line":382,"column":4},"end":{"line":384,"column":5}},"156":{"start":{"line":383,"column":6},"end":{"line":383,"column":55}},"157":{"start":{"line":386,"column":4},"end":{"line":388,"column":5}},"158":{"start":{"line":387,"column":6},"end":{"line":387,"column":57}},"159":{"start":{"line":390,"column":4},"end":{"line":392,"column":5}},"160":{"start":{"line":391,"column":6},"end":{"line":391,"column":47}},"161":{"start":{"line":394,"column":4},"end":{"line":394,"column":16}},"162":{"start":{"line":398,"column":0},"end":{"line":398,"column":35}}},"fnMap":{"0":{"name":"snakeToCamel","decl":{"start":{"line":7,"column":9},"end":{"line":7,"column":21}},"loc":{"start":{"line":7,"column":27},"end":{"line":33,"column":1}},"line":7},"1":{"name":"(anonymous_1)","decl":{"start":{"line":16,"column":33},"end":{"line":16,"column":34}},"loc":{"start":{"line":16,"column":47},"end":{"line":32,"column":3}},"line":16},"2":{"name":"(anonymous_2)","decl":{"start":{"line":17,"column":46},"end":{"line":17,"column":47}},"loc":{"start":{"line":17,"column":61},"end":{"line":17,"column":81}},"line":17},"3":{"name":"camelToSnake","decl":{"start":{"line":36,"column":9},"end":{"line":36,"column":21}},"loc":{"start":{"line":36,"column":27},"end":{"line":58,"column":1}},"line":36},"4":{"name":"(anonymous_4)","decl":{"start":{"line":45,"column":33},"end":{"line":45,"column":34}},"loc":{"start":{"line":45,"column":47},"end":{"line":57,"column":3}},"line":45},"5":{"name":"(anonymous_5)","decl":{"start":{"line":46,"column":43},"end":{"line":46,"column":44}},"loc":{"start":{"line":46,"column":53},"end":{"line":46,"column":79}},"line":46},"6":{"name":"(anonymous_6)","decl":{"start":{"line":62,"column":2},"end":{"line":62,"column":3}},"loc":{"start":{"line":62,"column":35},"end":{"line":101,"column":3}},"line":62},"7":{"name":"(anonymous_7)","decl":{"start":{"line":89,"column":49},"end":{"line":89,"column":50}},"loc":{"start":{"line":89,"column":55},"end":{"line":89,"column":58}},"line":89},"8":{"name":"(anonymous_8)","decl":{"start":{"line":104,"column":2},"end":{"line":104,"column":3}},"loc":{"start":{"line":104,"column":28},"end":{"line":117,"column":3}},"line":104},"9":{"name":"(anonymous_9)","decl":{"start":{"line":120,"column":2},"end":{"line":120,"column":3}},"loc":{"start":{"line":120,"column":54},"end":{"line":178,"column":3}},"line":120},"10":{"name":"(anonymous_10)","decl":{"start":{"line":164,"column":32},"end":{"line":164,"column":33}},"loc":{"start":{"line":164,"column":39},"end":{"line":164,"column":56}},"line":164},"11":{"name":"(anonymous_11)","decl":{"start":{"line":181,"column":2},"end":{"line":181,"column":3}},"loc":{"start":{"line":181,"column":37},"end":{"line":272,"column":3}},"line":181},"12":{"name":"(anonymous_12)","decl":{"start":{"line":258,"column":32},"end":{"line":258,"column":33}},"loc":{"start":{"line":258,"column":39},"end":{"line":258,"column":56}},"line":258},"13":{"name":"(anonymous_13)","decl":{"start":{"line":275,"column":2},"end":{"line":275,"column":3}},"loc":{"start":{"line":275,"column":59},"end":{"line":333,"column":3}},"line":275},"14":{"name":"(anonymous_14)","decl":{"start":{"line":336,"column":2},"end":{"line":336,"column":3}},"loc":{"start":{"line":336,"column":47},"end":{"line":355,"column":3}},"line":336},"15":{"name":"(anonymous_15)","decl":{"start":{"line":358,"column":2},"end":{"line":358,"column":3}},"loc":{"start":{"line":358,"column":35},"end":{"line":395,"column":3}},"line":358}},"branchMap":{"0":{"loc":{"start":{"line":8,"column":2},"end":{"line":10,"column":3}},"type":"if","locations":[{"start":{"line":8,"column":2},"end":{"line":10,"column":3}},{"start":{},"end":{}}],"line":8},"1":{"loc":{"start":{"line":8,"column":6},"end":{"line":8,"column":66}},"type":"binary-expr","locations":[{"start":{"line":8,"column":6},"end":{"line":8,"column":18}},{"start":{"line":8,"column":22},"end":{"line":8,"column":39}},{"start":{"line":8,"column":43},"end":{"line":8,"column":66}}],"line":8},"2":{"loc":{"start":{"line":12,"column":2},"end":{"line":14,"column":3}},"type":"if","locations":[{"start":{"line":12,"column":2},"end":{"line":14,"column":3}},{"start":{},"end":{}}],"line":12},"3":{"loc":{"start":{"line":21,"column":4},"end":{"line":29,"column":5}},"type":"if","locations":[{"start":{"line":21,"column":4},"end":{"line":29,"column":5}},{"start":{"line":27,"column":11},"end":{"line":29,"column":5}}],"line":21},"4":{"loc":{"start":{"line":21,"column":8},"end":{"line":21,"column":93}},"type":"binary-expr","locations":[{"start":{"line":21,"column":8},"end":{"line":21,"column":34}},{"start":{"line":21,"column":38},"end":{"line":21,"column":63}},{"start":{"line":21,"column":67},"end":{"line":21,"column":93}}],"line":21},"5":{"loc":{"start":{"line":23,"column":24},"end":{"line":23,"column":91}},"type":"cond-expr","locations":[{"start":{"line":23,"column":52},"end":{"line":23,"column":69}},{"start":{"line":23,"column":72},"end":{"line":23,"column":91}}],"line":23},"6":{"loc":{"start":{"line":28,"column":22},"end":{"line":28,"column":95}},"type":"cond-expr","locations":[{"start":{"line":28,"column":68},"end":{"line":28,"column":87}},{"start":{"line":28,"column":90},"end":{"line":28,"column":95}}],"line":28},"7":{"loc":{"start":{"line":28,"column":22},"end":{"line":28,"column":65}},"type":"binary-expr","locations":[{"start":{"line":28,"column":22},"end":{"line":28,"column":36}},{"start":{"line":28,"column":40},"end":{"line":28,"column":65}}],"line":28},"8":{"loc":{"start":{"line":37,"column":2},"end":{"line":39,"column":3}},"type":"if","locations":[{"start":{"line":37,"column":2},"end":{"line":39,"column":3}},{"start":{},"end":{}}],"line":37},"9":{"loc":{"start":{"line":37,"column":6},"end":{"line":37,"column":66}},"type":"binary-expr","locations":[{"start":{"line":37,"column":6},"end":{"line":37,"column":18}},{"start":{"line":37,"column":22},"end":{"line":37,"column":39}},{"start":{"line":37,"column":43},"end":{"line":37,"column":66}}],"line":37},"10":{"loc":{"start":{"line":41,"column":2},"end":{"line":43,"column":3}},"type":"if","locations":[{"start":{"line":41,"column":2},"end":{"line":43,"column":3}},{"start":{},"end":{}}],"line":41},"11":{"loc":{"start":{"line":50,"column":4},"end":{"line":54,"column":5}},"type":"if","locations":[{"start":{"line":50,"column":4},"end":{"line":54,"column":5}},{"start":{"line":52,"column":11},"end":{"line":54,"column":5}}],"line":50},"12":{"loc":{"start":{"line":50,"column":8},"end":{"line":50,"column":96}},"type":"binary-expr","locations":[{"start":{"line":50,"column":8},"end":{"line":50,"column":35}},{"start":{"line":50,"column":39},"end":{"line":50,"column":65}},{"start":{"line":50,"column":69},"end":{"line":50,"column":96}}],"line":50},"13":{"loc":{"start":{"line":51,"column":22},"end":{"line":51,"column":97}},"type":"cond-expr","locations":[{"start":{"line":51,"column":68},"end":{"line":51,"column":89}},{"start":{"line":51,"column":92},"end":{"line":51,"column":97}}],"line":51},"14":{"loc":{"start":{"line":51,"column":22},"end":{"line":51,"column":65}},"type":"binary-expr","locations":[{"start":{"line":51,"column":22},"end":{"line":51,"column":36}},{"start":{"line":51,"column":40},"end":{"line":51,"column":65}}],"line":51},"15":{"loc":{"start":{"line":53,"column":22},"end":{"line":53,"column":95}},"type":"cond-expr","locations":[{"start":{"line":53,"column":68},"end":{"line":53,"column":87}},{"start":{"line":53,"column":90},"end":{"line":53,"column":95}}],"line":53},"16":{"loc":{"start":{"line":53,"column":22},"end":{"line":53,"column":65}},"type":"binary-expr","locations":[{"start":{"line":53,"column":22},"end":{"line":53,"column":36}},{"start":{"line":53,"column":40},"end":{"line":53,"column":65}}],"line":53},"17":{"loc":{"start":{"line":66,"column":6},"end":{"line":68,"column":7}},"type":"if","locations":[{"start":{"line":66,"column":6},"end":{"line":68,"column":7}},{"start":{},"end":{}}],"line":66},"18":{"loc":{"start":{"line":72,"column":6},"end":{"line":74,"column":7}},"type":"if","locations":[{"start":{"line":72,"column":6},"end":{"line":74,"column":7}},{"start":{},"end":{}}],"line":72},"19":{"loc":{"start":{"line":108,"column":6},"end":{"line":110,"column":7}},"type":"if","locations":[{"start":{"line":108,"column":6},"end":{"line":110,"column":7}},{"start":{},"end":{}}],"line":108},"20":{"loc":{"start":{"line":120,"column":40},"end":{"line":120,"column":52}},"type":"default-arg","locations":[{"start":{"line":120,"column":50},"end":{"line":120,"column":52}}],"line":120},"21":{"loc":{"start":{"line":123,"column":8},"end":{"line":123,"column":16}},"type":"default-arg","locations":[{"start":{"line":123,"column":15},"end":{"line":123,"column":16}}],"line":123},"22":{"loc":{"start":{"line":124,"column":8},"end":{"line":124,"column":18}},"type":"default-arg","locations":[{"start":{"line":124,"column":16},"end":{"line":124,"column":18}}],"line":124},"23":{"loc":{"start":{"line":125,"column":8},"end":{"line":125,"column":29}},"type":"default-arg","locations":[{"start":{"line":125,"column":17},"end":{"line":125,"column":29}}],"line":125},"24":{"loc":{"start":{"line":126,"column":8},"end":{"line":126,"column":26}},"type":"default-arg","locations":[{"start":{"line":126,"column":20},"end":{"line":126,"column":26}}],"line":126},"25":{"loc":{"start":{"line":135,"column":6},"end":{"line":138,"column":7}},"type":"if","locations":[{"start":{"line":135,"column":6},"end":{"line":138,"column":7}},{"start":{},"end":{}}],"line":135},"26":{"loc":{"start":{"line":155,"column":6},"end":{"line":158,"column":7}},"type":"if","locations":[{"start":{"line":155,"column":6},"end":{"line":158,"column":7}},{"start":{},"end":{}}],"line":155},"27":{"loc":{"start":{"line":181,"column":23},"end":{"line":181,"column":35}},"type":"default-arg","locations":[{"start":{"line":181,"column":33},"end":{"line":181,"column":35}}],"line":181},"28":{"loc":{"start":{"line":184,"column":8},"end":{"line":184,"column":16}},"type":"default-arg","locations":[{"start":{"line":184,"column":15},"end":{"line":184,"column":16}}],"line":184},"29":{"loc":{"start":{"line":185,"column":8},"end":{"line":185,"column":18}},"type":"default-arg","locations":[{"start":{"line":185,"column":16},"end":{"line":185,"column":18}}],"line":185},"30":{"loc":{"start":{"line":186,"column":8},"end":{"line":186,"column":29}},"type":"default-arg","locations":[{"start":{"line":186,"column":17},"end":{"line":186,"column":29}}],"line":186},"31":{"loc":{"start":{"line":187,"column":8},"end":{"line":187,"column":26}},"type":"default-arg","locations":[{"start":{"line":187,"column":20},"end":{"line":187,"column":26}}],"line":187},"32":{"loc":{"start":{"line":199,"column":6},"end":{"line":202,"column":7}},"type":"if","locations":[{"start":{"line":199,"column":6},"end":{"line":202,"column":7}},{"start":{},"end":{}}],"line":199},"33":{"loc":{"start":{"line":204,"column":6},"end":{"line":207,"column":7}},"type":"if","locations":[{"start":{"line":204,"column":6},"end":{"line":207,"column":7}},{"start":{},"end":{}}],"line":204},"34":{"loc":{"start":{"line":209,"column":6},"end":{"line":212,"column":7}},"type":"if","locations":[{"start":{"line":209,"column":6},"end":{"line":212,"column":7}},{"start":{},"end":{}}],"line":209},"35":{"loc":{"start":{"line":214,"column":6},"end":{"line":217,"column":7}},"type":"if","locations":[{"start":{"line":214,"column":6},"end":{"line":217,"column":7}},{"start":{},"end":{}}],"line":214},"36":{"loc":{"start":{"line":234,"column":6},"end":{"line":237,"column":7}},"type":"if","locations":[{"start":{"line":234,"column":6},"end":{"line":237,"column":7}},{"start":{},"end":{}}],"line":234},"37":{"loc":{"start":{"line":239,"column":6},"end":{"line":242,"column":7}},"type":"if","locations":[{"start":{"line":239,"column":6},"end":{"line":242,"column":7}},{"start":{},"end":{}}],"line":239},"38":{"loc":{"start":{"line":244,"column":6},"end":{"line":247,"column":7}},"type":"if","locations":[{"start":{"line":244,"column":6},"end":{"line":247,"column":7}},{"start":{},"end":{}}],"line":244},"39":{"loc":{"start":{"line":249,"column":6},"end":{"line":252,"column":7}},"type":"if","locations":[{"start":{"line":249,"column":6},"end":{"line":252,"column":7}},{"start":{},"end":{}}],"line":249},"40":{"loc":{"start":{"line":275,"column":40},"end":{"line":275,"column":57}},"type":"default-arg","locations":[{"start":{"line":275,"column":53},"end":{"line":275,"column":57}}],"line":275},"41":{"loc":{"start":{"line":279,"column":6},"end":{"line":281,"column":7}},"type":"if","locations":[{"start":{"line":279,"column":6},"end":{"line":281,"column":7}},{"start":{},"end":{}}],"line":279},"42":{"loc":{"start":{"line":284,"column":6},"end":{"line":286,"column":7}},"type":"if","locations":[{"start":{"line":284,"column":6},"end":{"line":286,"column":7}},{"start":{},"end":{}}],"line":284},"43":{"loc":{"start":{"line":290,"column":30},"end":{"line":290,"column":76}},"type":"cond-expr","locations":[{"start":{"line":290,"column":43},"end":{"line":290,"column":69}},{"start":{"line":290,"column":72},"end":{"line":290,"column":76}}],"line":290},"44":{"loc":{"start":{"line":295,"column":6},"end":{"line":310,"column":7}},"type":"if","locations":[{"start":{"line":295,"column":6},"end":{"line":310,"column":7}},{"start":{},"end":{}}],"line":295},"45":{"loc":{"start":{"line":313,"column":6},"end":{"line":326,"column":7}},"type":"if","locations":[{"start":{"line":313,"column":6},"end":{"line":326,"column":7}},{"start":{},"end":{}}],"line":313},"46":{"loc":{"start":{"line":322,"column":8},"end":{"line":325,"column":9}},"type":"if","locations":[{"start":{"line":322,"column":8},"end":{"line":325,"column":9}},{"start":{},"end":{}}],"line":322},"47":{"loc":{"start":{"line":340,"column":6},"end":{"line":342,"column":7}},"type":"if","locations":[{"start":{"line":340,"column":6},"end":{"line":342,"column":7}},{"start":{},"end":{}}],"line":340},"48":{"loc":{"start":{"line":360,"column":4},"end":{"line":362,"column":5}},"type":"if","locations":[{"start":{"line":360,"column":4},"end":{"line":362,"column":5}},{"start":{},"end":{}}],"line":360},"49":{"loc":{"start":{"line":364,"column":4},"end":{"line":366,"column":5}},"type":"if","locations":[{"start":{"line":364,"column":4},"end":{"line":366,"column":5}},{"start":{},"end":{}}],"line":364},"50":{"loc":{"start":{"line":368,"column":4},"end":{"line":370,"column":5}},"type":"if","locations":[{"start":{"line":368,"column":4},"end":{"line":370,"column":5}},{"start":{},"end":{}}],"line":368},"51":{"loc":{"start":{"line":368,"column":8},"end":{"line":368,"column":70}},"type":"binary-expr","locations":[{"start":{"line":368,"column":8},"end":{"line":368,"column":38}},{"start":{"line":368,"column":42},"end":{"line":368,"column":70}}],"line":368},"52":{"loc":{"start":{"line":372,"column":4},"end":{"line":374,"column":5}},"type":"if","locations":[{"start":{"line":372,"column":4},"end":{"line":374,"column":5}},{"start":{},"end":{}}],"line":372},"53":{"loc":{"start":{"line":378,"column":4},"end":{"line":380,"column":5}},"type":"if","locations":[{"start":{"line":378,"column":4},"end":{"line":380,"column":5}},{"start":{},"end":{}}],"line":378},"54":{"loc":{"start":{"line":382,"column":4},"end":{"line":384,"column":5}},"type":"if","locations":[{"start":{"line":382,"column":4},"end":{"line":384,"column":5}},{"start":{},"end":{}}],"line":382},"55":{"loc":{"start":{"line":386,"column":4},"end":{"line":388,"column":5}},"type":"if","locations":[{"start":{"line":386,"column":4},"end":{"line":388,"column":5}},{"start":{},"end":{}}],"line":386},"56":{"loc":{"start":{"line":390,"column":4},"end":{"line":392,"column":5}},"type":"if","locations":[{"start":{"line":390,"column":4},"end":{"line":392,"column":5}},{"start":{},"end":{}}],"line":390}},"s":{"0":0,"1":0,"2":0,"3":0,"4":0,"5":0,"6":0,"7":0,"8":0,"9":0,"10":0,"11":0,"12":0,"13":0,"14":0,"15":0,"16":0,"17":0,"18":0,"19":0,"20":0,"21":0,"22":0,"23":0,"24":0,"25":0,"26":0,"27":0,"28":0,"29":0,"30":0,"31":0,"32":0,"33":0,"34":0,"35":0,"36":0,"37":0,"38":0,"39":0,"40":0,"41":0,"42":0,"43":0,"44":0,"45":0,"46":0,"47":0,"48":0,"49":0,"50":0,"51":0,"52":0,"53":0,"54":0,"55":0,"56":0,"57":0,"58":0,"59":0,"60":0,"61":0,"62":0,"63":0,"64":0,"65":0,"66":0,"67":0,"68":0,"69":0,"70":0,"71":0,"72":0,"73":0,"74":0,"75":0,"76":0,"77":0,"78":0,"79":0,"80":0,"81":0,"82":0,"83":0,"84":0,"85":0,"86":0,"87":0,"88":0,"89":0,"90":0,"91":0,"92":0,"93":0,"94":0,"95":0,"96":0,"97":0,"98":0,"99":0,"100":0,"101":0,"102":0,"103":0,"104":0,"105":0,"106":0,"107":0,"108":0,"109":0,"110":0,"111":0,"112":0,"113":0,"114":0,"115":0,"116":0,"117":0,"118":0,"119":0,"120":0,"121":0,"122":0,"123":0,"124":0,"125":0,"126":0,"127":0,"128":0,"129":0,"130":0,"131":0,"132":0,"133":0,"134":0,"135":0,"136":0,"137":0,"138":0,"139":0,"140":0,"141":0,"142":0,"143":0,"144":0,"145":0,"146":0,"147":0,"148":0,"149":0,"150":0,"151":0,"152":0,"153":0,"154":0,"155":0,"156":0,"157":0,"158":0,"159":0,"160":0,"161":0,"162":0},"f":{"0":0,"1":0,"2":0,"3":0,"4":0,"5":0,"6":0,"7":0,"8":0,"9":0,"10":0,"11":0,"12":0,"13":0,"14":0,"15":0},"b":{"0":[0,0],"1":[0,0,0],"2":[0,0],"3":[0,0],"4":[0,0,0],"5":[0,0],"6":[0,0],"7":[0,0],"8":[0,0],"9":[0,0,0],"10":[0,0],"11":[0,0],"12":[0,0,0],"13":[0,0],"14":[0,0],"15":[0,0],"16":[0,0],"17":[0,0],"18":[0,0],"19":[0,0],"20":[0],"21":[0],"22":[0],"23":[0],"24":[0],"25":[0,0],"26":[0,0],"27":[0],"28":[0],"29":[0],"30":[0],"31":[0],"32":[0,0],"33":[0,0],"34":[0,0],"35":[0,0],"36":[0,0],"37":[0,0],"38":[0,0],"39":[0,0],"40":[0],"41":[0,0],"42":[0,0],"43":[0,0],"44":[0,0],"45":[0,0],"46":[0,0],"47":[0,0],"48":[0,0],"49":[0,0],"50":[0,0],"51":[0,0],"52":[0,0],"53":[0,0],"54":[0,0],"55":[0,0],"56":[0,0]}}
,"C:\\Users\\Win10\\Desktop\\supermall-backend\\vendor-service\\models\\storeSetting.js": {"path":"C:\\Users\\Win10\\Desktop\\supermall-backend\\vendor-service\\models\\storeSetting.js","statementMap":{"0":{"start":{"line":2,"column":17},"end":{"line":2,"column":36}},"1":{"start":{"line":4,"column":27},"end":{"line":35,"column":24}},"2":{"start":{"line":37,"column":0},"end":{"line":37,"column":68}}},"fnMap":{},"branchMap":{},"s":{"0":0,"1":0,"2":0},"f":{},"b":{}}
}
