TN:
SF:controllers\serviceController.js
FN:7,(anonymous_0)
FN:56,(anonymous_1)
FN:103,(anonymous_2)
FN:129,(anonymous_3)
FN:189,(anonymous_4)
FN:226,(anonymous_5)
FN:264,(anonymous_6)
FN:300,(anonymous_7)
FN:330,(anonymous_8)
FN:354,(anonymous_9)
FNF:10
FNH:0
FNDA:0,(anonymous_0)
FNDA:0,(anonymous_1)
FNDA:0,(anonymous_2)
FNDA:0,(anonymous_3)
FNDA:0,(anonymous_4)
FNDA:0,(anonymous_5)
FNDA:0,(anonymous_6)
FNDA:0,(anonymous_7)
FNDA:0,(anonymous_8)
FNDA:0,(anonymous_9)
DA:2,0
DA:3,0
DA:4,0
DA:7,0
DA:8,0
DA:10,0
DA:11,0
DA:12,0
DA:16,0
DA:38,0
DA:40,0
DA:46,0
DA:47,0
DA:56,0
DA:57,0
DA:59,0
DA:62,0
DA:63,0
DA:66,0
DA:70,0
DA:71,0
DA:75,0
DA:76,0
DA:80,0
DA:81,0
DA:85,0
DA:87,0
DA:93,0
DA:94,0
DA:103,0
DA:104,0
DA:105,0
DA:107,0
DA:108,0
DA:114,0
DA:119,0
DA:120,0
DA:129,0
DA:130,0
DA:132,0
DA:133,0
DA:134,0
DA:141,0
DA:142,0
DA:149,0
DA:152,0
DA:153,0
DA:154,0
DA:155,0
DA:156,0
DA:157,0
DA:158,0
DA:159,0
DA:160,0
DA:161,0
DA:162,0
DA:163,0
DA:164,0
DA:165,0
DA:166,0
DA:167,0
DA:168,0
DA:171,0
DA:173,0
DA:179,0
DA:180,0
DA:189,0
DA:190,0
DA:192,0
DA:193,0
DA:194,0
DA:201,0
DA:202,0
DA:209,0
DA:211,0
DA:216,0
DA:217,0
DA:226,0
DA:227,0
DA:229,0
DA:230,0
DA:231,0
DA:238,0
DA:239,0
DA:246,0
DA:248,0
DA:254,0
DA:255,0
DA:264,0
DA:265,0
DA:267,0
DA:268,0
DA:269,0
DA:276,0
DA:277,0
DA:278,0
DA:282,0
DA:284,0
DA:290,0
DA:291,0
DA:300,0
DA:301,0
DA:303,0
DA:312,0
DA:314,0
DA:320,0
DA:321,0
DA:330,0
DA:331,0
DA:333,0
DA:336,0
DA:338,0
DA:344,0
DA:345,0
DA:354,0
DA:355,0
DA:357,0
DA:358,0
DA:359,0
DA:366,0
DA:367,0
DA:373,0
DA:374,0
DA:381,0
DA:387,0
DA:393,0
DA:394,0
LF:127
LH:0
BRDA:11,0,0,0
BRDA:11,0,1,0
BRDA:25,1,0,0
BRDA:25,1,1,0
BRDA:26,2,0,0
BRDA:26,2,1,0
BRDA:29,3,0,0
BRDA:29,3,1,0
BRDA:30,4,0,0
BRDA:30,4,1,0
BRDA:34,5,0,0
BRDA:34,5,1,0
BRDA:49,6,0,0
BRDA:49,6,1,0
BRDA:62,7,0,0
BRDA:62,7,1,0
BRDA:70,8,0,0
BRDA:70,8,1,0
BRDA:75,9,0,0
BRDA:75,9,1,0
BRDA:80,10,0,0
BRDA:80,10,1,0
BRDA:107,11,0,0
BRDA:107,11,1,0
BRDA:133,12,0,0
BRDA:133,12,1,0
BRDA:141,13,0,0
BRDA:141,13,1,0
BRDA:141,14,0,0
BRDA:141,14,1,0
BRDA:141,14,2,0
BRDA:152,15,0,0
BRDA:152,15,1,0
BRDA:153,16,0,0
BRDA:153,16,1,0
BRDA:154,17,0,0
BRDA:154,17,1,0
BRDA:155,18,0,0
BRDA:155,18,1,0
BRDA:156,19,0,0
BRDA:156,19,1,0
BRDA:157,20,0,0
BRDA:157,20,1,0
BRDA:158,21,0,0
BRDA:158,21,1,0
BRDA:159,22,0,0
BRDA:159,22,1,0
BRDA:160,23,0,0
BRDA:160,23,1,0
BRDA:161,24,0,0
BRDA:161,24,1,0
BRDA:162,25,0,0
BRDA:162,25,1,0
BRDA:163,26,0,0
BRDA:163,26,1,0
BRDA:164,27,0,0
BRDA:164,27,1,0
BRDA:165,28,0,0
BRDA:165,28,1,0
BRDA:166,29,0,0
BRDA:166,29,1,0
BRDA:167,30,0,0
BRDA:167,30,1,0
BRDA:168,31,0,0
BRDA:168,31,1,0
BRDA:193,32,0,0
BRDA:193,32,1,0
BRDA:201,33,0,0
BRDA:201,33,1,0
BRDA:201,34,0,0
BRDA:201,34,1,0
BRDA:201,34,2,0
BRDA:230,35,0,0
BRDA:230,35,1,0
BRDA:238,36,0,0
BRDA:238,36,1,0
BRDA:238,37,0,0
BRDA:238,37,1,0
BRDA:268,38,0,0
BRDA:268,38,1,0
BRDA:277,39,0,0
BRDA:277,39,1,0
BRDA:333,40,0,0
BRDA:333,40,1,0
BRDA:358,41,0,0
BRDA:358,41,1,0
BRDA:366,42,0,0
BRDA:366,42,1,0
BRDA:366,43,0,0
BRDA:366,43,1,0
BRDA:366,43,2,0
BRDA:373,44,0,0
BRDA:373,44,1,0
BRDA:373,45,0,0
BRDA:373,45,1,0
BRF:95
BRH:0
end_of_record
TN:
SF:controllers\vendorController.js
FN:6,(anonymous_0)
FN:18,(anonymous_1)
FN:116,(anonymous_2)
FN:238,(anonymous_3)
FN:262,(anonymous_4)
FN:286,(anonymous_5)
FN:405,(anonymous_6)
FN:430,(anonymous_7)
FNF:8
FNH:0
FNDA:0,(anonymous_0)
FNDA:0,(anonymous_1)
FNDA:0,(anonymous_2)
FNDA:0,(anonymous_3)
FNDA:0,(anonymous_4)
FNDA:0,(anonymous_5)
FNDA:0,(anonymous_6)
FNDA:0,(anonymous_7)
DA:1,0
DA:2,0
DA:3,0
DA:6,0
DA:7,0
DA:18,0
DA:19,0
DA:20,0
DA:21,0
DA:38,0
DA:40,0
DA:42,0
DA:43,0
DA:44,0
DA:48,0
DA:49,0
DA:50,0
DA:51,0
DA:55,0
DA:56,0
DA:57,0
DA:58,0
DA:62,0
DA:82,0
DA:83,0
DA:84,0
DA:87,0
DA:90,0
DA:91,0
DA:99,0
DA:100,0
DA:101,0
DA:103,0
DA:105,0
DA:106,0
DA:107,0
DA:116,0
DA:117,0
DA:126,0
DA:128,0
DA:131,0
DA:133,0
DA:134,0
DA:138,0
DA:139,0
DA:140,0
DA:144,0
DA:155,0
DA:213,0
DA:214,0
DA:215,0
DA:217,0
DA:220,0
DA:226,0
DA:227,0
DA:228,0
DA:229,0
DA:238,0
DA:239,0
DA:240,0
DA:241,0
DA:244,0
DA:248,0
DA:250,0
DA:251,0
DA:252,0
DA:253,0
DA:262,0
DA:263,0
DA:264,0
DA:265,0
DA:268,0
DA:272,0
DA:274,0
DA:275,0
DA:276,0
DA:277,0
DA:286,0
DA:287,0
DA:288,0
DA:291,0
DA:294,0
DA:295,0
DA:296,0
DA:297,0
DA:298,0
DA:299,0
DA:302,0
DA:304,0
DA:307,0
DA:309,0
DA:312,0
DA:314,0
DA:316,0
DA:317,0
DA:318,0
DA:319,0
DA:321,0
DA:322,0
DA:323,0
DA:324,0
DA:327,0
DA:328,0
DA:332,0
DA:391,0
DA:393,0
DA:394,0
DA:395,0
DA:396,0
DA:405,0
DA:406,0
DA:407,0
DA:408,0
DA:411,0
DA:414,0
DA:416,0
DA:418,0
DA:419,0
DA:420,0
DA:421,0
DA:430,0
DA:431,0
DA:432,0
DA:433,0
DA:434,0
DA:435,0
DA:439,0
DA:442,0
DA:443,0
DA:501,0
DA:506,0
DA:507,0
DA:508,0
DA:509,0
LF:134
LH:0
BRDA:8,0,0,0
BRDA:8,0,1,0
BRDA:8,0,2,0
BRDA:8,0,3,0
BRDA:8,0,4,0
BRDA:8,0,5,0
BRDA:42,1,0,0
BRDA:42,1,1,0
BRDA:42,2,0,0
BRDA:42,2,1,0
BRDA:42,2,2,0
BRDA:42,2,3,0
BRDA:42,2,4,0
BRDA:49,3,0,0
BRDA:49,3,1,0
BRDA:56,4,0,0
BRDA:56,4,1,0
BRDA:66,5,0,0
BRDA:66,5,1,0
BRDA:68,6,0,0
BRDA:68,6,1,0
BRDA:69,7,0,0
BRDA:69,7,1,0
BRDA:70,8,0,0
BRDA:70,8,1,0
BRDA:71,9,0,0
BRDA:71,9,1,0
BRDA:72,10,0,0
BRDA:72,10,1,0
BRDA:73,11,0,0
BRDA:73,11,1,0
BRDA:74,12,0,0
BRDA:74,12,1,0
BRDA:75,13,0,0
BRDA:75,13,1,0
BRDA:76,14,0,0
BRDA:76,14,1,0
BRDA:82,15,0,0
BRDA:82,15,1,0
BRDA:90,16,0,0
BRDA:90,16,1,0
BRDA:105,17,0,0
BRDA:105,17,1,0
BRDA:106,18,0,0
BRDA:106,18,1,0
BRDA:110,19,0,0
BRDA:110,19,1,0
BRDA:131,20,0,0
BRDA:131,20,1,0
BRDA:133,21,0,0
BRDA:133,21,1,0
BRDA:133,22,0,0
BRDA:133,22,1,0
BRDA:133,22,2,0
BRDA:133,22,3,0
BRDA:133,22,4,0
BRDA:133,22,5,0
BRDA:139,23,0,0
BRDA:139,23,1,0
BRDA:214,24,0,0
BRDA:214,24,1,0
BRDA:227,25,0,0
BRDA:227,25,1,0
BRDA:228,26,0,0
BRDA:228,26,1,0
BRDA:232,27,0,0
BRDA:232,27,1,0
BRDA:241,28,0,0
BRDA:241,28,1,0
BRDA:244,29,0,0
BRDA:244,29,1,0
BRDA:251,30,0,0
BRDA:251,30,1,0
BRDA:252,31,0,0
BRDA:252,31,1,0
BRDA:256,32,0,0
BRDA:256,32,1,0
BRDA:265,33,0,0
BRDA:265,33,1,0
BRDA:268,34,0,0
BRDA:268,34,1,0
BRDA:275,35,0,0
BRDA:275,35,1,0
BRDA:276,36,0,0
BRDA:276,36,1,0
BRDA:280,37,0,0
BRDA:280,37,1,0
BRDA:294,38,0,0
BRDA:294,38,1,0
BRDA:295,39,0,0
BRDA:295,39,1,0
BRDA:296,40,0,0
BRDA:296,40,1,0
BRDA:297,41,0,0
BRDA:297,41,1,0
BRDA:298,42,0,0
BRDA:298,42,1,0
BRDA:299,43,0,0
BRDA:299,43,1,0
BRDA:304,44,0,0
BRDA:304,44,1,0
BRDA:307,45,0,0
BRDA:307,45,1,0
BRDA:307,46,0,0
BRDA:307,46,1,0
BRDA:307,46,2,0
BRDA:307,46,3,0
BRDA:307,46,4,0
BRDA:307,46,5,0
BRDA:314,47,0,0
BRDA:314,47,1,0
BRDA:316,48,0,0
BRDA:316,48,1,0
BRDA:321,49,0,0
BRDA:321,49,1,0
BRDA:327,50,0,0
BRDA:327,50,1,0
BRDA:365,51,0,0
BRDA:365,51,1,0
BRDA:366,52,0,0
BRDA:366,52,1,0
BRDA:394,53,0,0
BRDA:394,53,1,0
BRDA:395,54,0,0
BRDA:395,54,1,0
BRDA:399,55,0,0
BRDA:399,55,1,0
BRDA:408,56,0,0
BRDA:408,56,1,0
BRDA:419,57,0,0
BRDA:419,57,1,0
BRDA:420,58,0,0
BRDA:420,58,1,0
BRDA:424,59,0,0
BRDA:424,59,1,0
BRDA:434,60,0,0
BRDA:434,60,1,0
BRDA:442,61,0,0
BRDA:442,61,1,0
BRDA:476,62,0,0
BRDA:476,62,1,0
BRDA:477,63,0,0
BRDA:477,63,1,0
BRDA:507,64,0,0
BRDA:507,64,1,0
BRDA:508,65,0,0
BRDA:508,65,1,0
BRDA:512,66,0,0
BRDA:512,66,1,0
BRF:149
BRH:0
end_of_record
TN:
SF:models\Service.js
FN:15,(anonymous_0)
FN:44,(anonymous_1)
FN:103,(anonymous_2)
FN:107,(anonymous_3)
FN:122,(anonymous_4)
FN:126,(anonymous_5)
FN:145,(anonymous_6)
FN:163,(anonymous_7)
FN:181,(anonymous_8)
FN:193,(anonymous_9)
FN:213,(anonymous_10)
FN:221,(anonymous_11)
FN:236,(anonymous_12)
FN:253,(anonymous_13)
FN:270,(anonymous_14)
FN:281,(anonymous_15)
FN:289,(anonymous_16)
FN:295,(anonymous_17)
FN:303,(anonymous_18)
FN:340,(anonymous_19)
FN:348,(anonymous_20)
FN:362,(anonymous_21)
FN:370,(anonymous_22)
FN:381,(anonymous_23)
FN:391,(anonymous_24)
FNF:25
FNH:0
FNDA:0,(anonymous_0)
FNDA:0,(anonymous_1)
FNDA:0,(anonymous_2)
FNDA:0,(anonymous_3)
FNDA:0,(anonymous_4)
FNDA:0,(anonymous_5)
FNDA:0,(anonymous_6)
FNDA:0,(anonymous_7)
FNDA:0,(anonymous_8)
FNDA:0,(anonymous_9)
FNDA:0,(anonymous_10)
FNDA:0,(anonymous_11)
FNDA:0,(anonymous_12)
FNDA:0,(anonymous_13)
FNDA:0,(anonymous_14)
FNDA:0,(anonymous_15)
FNDA:0,(anonymous_16)
FNDA:0,(anonymous_17)
FNDA:0,(anonymous_18)
FNDA:0,(anonymous_19)
FNDA:0,(anonymous_20)
FNDA:0,(anonymous_21)
FNDA:0,(anonymous_22)
FNDA:0,(anonymous_23)
FNDA:0,(anonymous_24)
DA:2,0
DA:3,0
DA:6,0
DA:7,0
DA:8,0
DA:9,0
DA:10,0
DA:11,0
DA:12,0
DA:16,0
DA:17,0
DA:18,0
DA:19,0
DA:20,0
DA:21,0
DA:22,0
DA:23,0
DA:24,0
DA:25,0
DA:26,0
DA:27,0
DA:28,0
DA:29,0
DA:30,0
DA:31,0
DA:32,0
DA:33,0
DA:34,0
DA:35,0
DA:36,0
DA:37,0
DA:38,0
DA:39,0
DA:40,0
DA:45,0
DA:48,0
DA:49,0
DA:50,0
DA:51,0
DA:52,0
DA:53,0
DA:54,0
DA:55,0
DA:58,0
DA:59,0
DA:62,0
DA:63,0
DA:66,0
DA:67,0
DA:70,0
DA:71,0
DA:74,0
DA:75,0
DA:78,0
DA:79,0
DA:82,0
DA:83,0
DA:86,0
DA:87,0
DA:91,0
DA:92,0
DA:93,0
DA:94,0
DA:95,0
DA:99,0
DA:104,0
DA:105,0
DA:106,0
DA:107,0
DA:108,0
DA:111,0
DA:112,0
DA:115,0
DA:118,0
DA:123,0
DA:124,0
DA:125,0
DA:126,0
DA:127,0
DA:130,0
DA:131,0
DA:132,0
DA:138,0
DA:141,0
DA:146,0
DA:148,0
DA:149,0
DA:150,0
DA:154,0
DA:157,0
DA:158,0
DA:159,0
DA:162,0
DA:163,0
DA:164,0
DA:166,0
DA:172,0
DA:173,0
DA:175,0
DA:176,0
DA:182,0
DA:183,0
DA:184,0
DA:185,0
DA:187,0
DA:188,0
DA:194,0
DA:195,0
DA:196,0
DA:197,0
DA:200,0
DA:201,0
DA:202,0
DA:203,0
DA:208,0
DA:209,0
DA:212,0
DA:213,0
DA:215,0
DA:216,0
DA:222,0
DA:224,0
DA:225,0
DA:226,0
DA:230,0
DA:233,0
DA:236,0
DA:237,0
DA:239,0
DA:245,0
DA:247,0
DA:248,0
DA:254,0
DA:256,0
DA:257,0
DA:258,0
DA:261,0
DA:262,0
DA:264,0
DA:265,0
DA:271,0
DA:272,0
DA:273,0
DA:275,0
DA:276,0
DA:277,0
DA:280,0
DA:281,0
DA:283,0
DA:284,0
DA:290,0
DA:291,0
DA:295,0
DA:297,0
DA:298,0
DA:304,0
DA:305,0
DA:306,0
DA:307,0
DA:310,0
DA:311,0
DA:312,0
DA:313,0
DA:317,0
DA:318,0
DA:319,0
DA:323,0
DA:324,0
DA:325,0
DA:329,0
DA:330,0
DA:331,0
DA:334,0
DA:335,0
DA:336,0
DA:339,0
DA:340,0
DA:342,0
DA:343,0
DA:349,0
DA:350,0
DA:354,0
DA:356,0
DA:357,0
DA:363,0
DA:364,0
DA:366,0
DA:367,0
DA:371,0
DA:378,0
DA:382,0
DA:388,0
DA:392,0
DA:393,0
DA:395,0
DA:396,0
DA:397,0
DA:398,0
DA:400,0
DA:406,0
LF:200
LH:0
BRDA:20,0,0,0
BRDA:20,0,1,0
BRDA:22,1,0,0
BRDA:22,1,1,0
BRDA:25,2,0,0
BRDA:25,2,1,0
BRDA:26,3,0,0
BRDA:26,3,1,0
BRDA:27,4,0,0
BRDA:27,4,1,0
BRDA:30,5,0,0
BRDA:30,5,1,0
BRDA:31,6,0,0
BRDA:31,6,1,0
BRDA:32,7,0,0
BRDA:32,7,1,0
BRDA:33,8,0,0
BRDA:33,8,1,0
BRDA:34,9,0,0
BRDA:34,9,1,0
BRDA:35,10,0,0
BRDA:35,10,1,0
BRDA:36,11,0,0
BRDA:36,11,1,0
BRDA:37,12,0,0
BRDA:37,12,1,0
BRDA:38,13,0,0
BRDA:38,13,1,0
BRDA:48,14,0,0
BRDA:48,14,1,0
BRDA:49,15,0,0
BRDA:49,15,1,0
BRDA:50,16,0,0
BRDA:50,16,1,0
BRDA:51,17,0,0
BRDA:51,17,1,0
BRDA:52,18,0,0
BRDA:52,18,1,0
BRDA:53,19,0,0
BRDA:53,19,1,0
BRDA:54,20,0,0
BRDA:54,20,1,0
BRDA:55,21,0,0
BRDA:55,21,1,0
BRDA:58,22,0,0
BRDA:58,22,1,0
BRDA:58,23,0,0
BRDA:58,23,1,0
BRDA:58,23,2,0
BRDA:62,24,0,0
BRDA:62,24,1,0
BRDA:62,25,0,0
BRDA:62,25,1,0
BRDA:66,26,0,0
BRDA:66,26,1,0
BRDA:66,27,0,0
BRDA:66,27,1,0
BRDA:70,28,0,0
BRDA:70,28,1,0
BRDA:70,29,0,0
BRDA:70,29,1,0
BRDA:74,30,0,0
BRDA:74,30,1,0
BRDA:74,31,0,0
BRDA:74,31,1,0
BRDA:78,32,0,0
BRDA:78,32,1,0
BRDA:78,33,0,0
BRDA:78,33,1,0
BRDA:78,33,2,0
BRDA:82,34,0,0
BRDA:82,34,1,0
BRDA:82,35,0,0
BRDA:82,35,1,0
BRDA:86,36,0,0
BRDA:86,36,1,0
BRDA:86,37,0,0
BRDA:86,37,1,0
BRDA:91,38,0,0
BRDA:91,38,1,0
BRDA:91,39,0,0
BRDA:91,39,1,0
BRDA:94,40,0,0
BRDA:94,40,1,0
BRDA:106,41,0,0
BRDA:106,41,1,0
BRDA:111,42,0,0
BRDA:111,42,1,0
BRDA:111,43,0,0
BRDA:111,43,1,0
BRDA:111,43,2,0
BRDA:111,43,3,0
BRDA:125,44,0,0
BRDA:125,44,1,0
BRDA:130,45,0,0
BRDA:130,45,1,0
BRDA:130,46,0,0
BRDA:130,46,1,0
BRDA:130,46,2,0
BRDA:149,47,0,0
BRDA:149,47,1,0
BRDA:184,48,0,0
BRDA:184,48,1,0
BRDA:193,49,0,0
BRDA:201,50,0,0
BRDA:201,50,1,0
BRDA:208,51,0,0
BRDA:208,51,1,0
BRDA:225,52,0,0
BRDA:225,52,1,0
BRDA:257,53,0,0
BRDA:257,53,1,0
BRDA:270,54,0,0
BRDA:275,55,0,0
BRDA:275,55,1,0
BRDA:289,56,0,0
BRDA:310,57,0,0
BRDA:310,57,1,0
BRDA:317,58,0,0
BRDA:317,58,1,0
BRDA:323,59,0,0
BRDA:323,59,1,0
BRDA:329,60,0,0
BRDA:329,60,1,0
BRDA:334,61,0,0
BRDA:334,61,1,0
BRDA:363,62,0,0
BRDA:363,62,1,0
BRDA:363,63,0,0
BRDA:363,63,1,0
BRDA:364,64,0,0
BRDA:364,64,1,0
BRDA:364,65,0,0
BRDA:364,65,1,0
BRDA:367,66,0,0
BRDA:367,66,1,0
BRDA:378,67,0,0
BRDA:378,67,1,0
BRDA:388,68,0,0
BRDA:388,68,1,0
BRDA:392,69,0,0
BRDA:392,69,1,0
BRDA:397,70,0,0
BRDA:397,70,1,0
BRF:144
BRH:0
end_of_record
TN:
SF:models\StoreSettings.js
FN:165,(anonymous_0)
FN:166,(anonymous_1)
FN:170,(anonymous_2)
FN:174,(anonymous_3)
FN:187,(anonymous_4)
FNF:5
FNH:0
FNDA:0,(anonymous_0)
FNDA:0,(anonymous_1)
FNDA:0,(anonymous_2)
FNDA:0,(anonymous_3)
FNDA:0,(anonymous_4)
DA:1,0
DA:4,0
DA:15,0
DA:21,0
DA:24,0
DA:165,0
DA:166,0
DA:167,0
DA:170,0
DA:171,0
DA:174,0
DA:175,0
DA:176,0
DA:178,0
DA:179,0
DA:180,0
DA:184,0
DA:187,0
DA:188,0
DA:196,0
DA:198,0
LF:21
LH:0
BRDA:167,0,0,0
BRDA:167,0,1,0
BRDA:167,1,0,0
BRDA:167,1,1,0
BRDA:179,2,0,0
BRDA:179,2,1,0
BRF:6
BRH:0
end_of_record
TN:
SF:models\Vendor.js
FN:13,snakeToCamel
FN:21,(anonymous_1)
FN:26,(anonymous_2)
FN:28,(anonymous_3)
FN:52,camelToSnake
FN:61,(anonymous_5)
FN:62,(anonymous_6)
FN:81,(anonymous_7)
FN:165,(anonymous_8)
FN:235,(anonymous_9)
FN:251,(anonymous_10)
FN:267,(anonymous_11)
FN:300,(anonymous_12)
FN:390,(anonymous_13)
FN:407,(anonymous_14)
FN:422,(anonymous_15)
FN:437,(anonymous_16)
FN:455,(anonymous_17)
FN:479,(anonymous_18)
FN:579,(anonymous_19)
FN:599,(anonymous_20)
FN:603,(anonymous_21)
FN:607,(anonymous_22)
FN:611,(anonymous_23)
FN:615,(anonymous_24)
FN:624,(anonymous_25)
FN:635,(anonymous_26)
FNF:27
FNH:0
FNDA:0,snakeToCamel
FNDA:0,(anonymous_1)
FNDA:0,(anonymous_2)
FNDA:0,(anonymous_3)
FNDA:0,camelToSnake
FNDA:0,(anonymous_5)
FNDA:0,(anonymous_6)
FNDA:0,(anonymous_7)
FNDA:0,(anonymous_8)
FNDA:0,(anonymous_9)
FNDA:0,(anonymous_10)
FNDA:0,(anonymous_11)
FNDA:0,(anonymous_12)
FNDA:0,(anonymous_13)
FNDA:0,(anonymous_14)
FNDA:0,(anonymous_15)
FNDA:0,(anonymous_16)
FNDA:0,(anonymous_17)
FNDA:0,(anonymous_18)
FNDA:0,(anonymous_19)
FNDA:0,(anonymous_20)
FNDA:0,(anonymous_21)
FNDA:0,(anonymous_22)
FNDA:0,(anonymous_23)
FNDA:0,(anonymous_24)
FNDA:0,(anonymous_25)
FNDA:0,(anonymous_26)
DA:2,0
DA:3,0
DA:6,0
DA:7,0
DA:8,0
DA:9,0
DA:10,0
DA:15,0
DA:16,0
DA:20,0
DA:21,0
DA:25,0
DA:26,0
DA:28,0
DA:29,0
DA:32,0
DA:34,0
DA:35,0
DA:37,0
DA:40,0
DA:43,0
DA:46,0
DA:47,0
DA:53,0
DA:54,0
DA:57,0
DA:58,0
DA:61,0
DA:62,0
DA:63,0
DA:66,0
DA:68,0
DA:70,0
DA:73,0
DA:79,0
DA:82,0
DA:83,0
DA:86,0
DA:87,0
DA:88,0
DA:89,0
DA:92,0
DA:93,0
DA:94,0
DA:95,0
DA:96,0
DA:99,0
DA:100,0
DA:101,0
DA:102,0
DA:106,0
DA:107,0
DA:108,0
DA:109,0
DA:110,0
DA:111,0
DA:112,0
DA:114,0
DA:117,0
DA:118,0
DA:119,0
DA:120,0
DA:121,0
DA:122,0
DA:126,0
DA:127,0
DA:130,0
DA:136,0
DA:139,0
DA:140,0
DA:141,0
DA:142,0
DA:143,0
DA:144,0
DA:145,0
DA:150,0
DA:151,0
DA:152,0
DA:153,0
DA:154,0
DA:158,0
DA:159,0
DA:160,0
DA:164,0
DA:165,0
DA:166,0
DA:168,0
DA:169,0
DA:170,0
DA:173,0
DA:174,0
DA:175,0
DA:177,0
DA:178,0
DA:181,0
DA:182,0
DA:183,0
DA:185,0
DA:186,0
DA:187,0
DA:188,0
DA:190,0
DA:193,0
DA:197,0
DA:198,0
DA:199,0
DA:200,0
DA:203,0
DA:204,0
DA:205,0
DA:206,0
DA:207,0
DA:211,0
DA:212,0
DA:213,0
DA:214,0
DA:215,0
DA:216,0
DA:219,0
DA:220,0
DA:222,0
DA:223,0
DA:226,0
DA:227,0
DA:230,0
DA:236,0
DA:237,0
DA:239,0
DA:240,0
DA:244,0
DA:246,0
DA:252,0
DA:253,0
DA:255,0
DA:256,0
DA:260,0
DA:262,0
DA:268,0
DA:269,0
DA:272,0
DA:274,0
DA:276,0
DA:277,0
DA:278,0
DA:281,0
DA:283,0
DA:285,0
DA:286,0
DA:287,0
DA:289,0
DA:291,0
DA:294,0
DA:295,0
DA:301,0
DA:312,0
DA:315,0
DA:316,0
DA:319,0
DA:320,0
DA:321,0
DA:324,0
DA:325,0
DA:326,0
DA:329,0
DA:330,0
DA:331,0
DA:334,0
DA:335,0
DA:336,0
DA:339,0
DA:340,0
DA:341,0
DA:342,0
DA:346,0
DA:349,0
DA:350,0
DA:351,0
DA:354,0
DA:357,0
DA:358,0
DA:360,0
DA:361,0
DA:362,0
DA:365,0
DA:366,0
DA:367,0
DA:370,0
DA:371,0
DA:372,0
DA:375,0
DA:376,0
DA:377,0
DA:380,0
DA:381,0
DA:382,0
DA:383,0
DA:386,0
DA:387,0
DA:390,0
DA:392,0
DA:402,0
DA:408,0
DA:410,0
DA:411,0
DA:412,0
DA:416,0
DA:422,0
DA:423,0
DA:425,0
DA:427,0
DA:430,0
DA:432,0
DA:438,0
DA:440,0
DA:441,0
DA:442,0
DA:446,0
DA:448,0
DA:450,0
DA:456,0
DA:458,0
DA:463,0
DA:464,0
DA:467,0
DA:472,0
DA:474,0
DA:480,0
DA:482,0
DA:484,0
DA:485,0
DA:486,0
DA:490,0
DA:491,0
DA:492,0
DA:496,0
DA:497,0
DA:498,0
DA:501,0
DA:502,0
DA:503,0
DA:506,0
DA:507,0
DA:508,0
DA:511,0
DA:512,0
DA:513,0
DA:516,0
DA:517,0
DA:518,0
DA:522,0
DA:523,0
DA:524,0
DA:528,0
DA:529,0
DA:532,0
DA:533,0
DA:536,0
DA:537,0
DA:540,0
DA:541,0
DA:545,0
DA:546,0
DA:549,0
DA:550,0
DA:554,0
DA:555,0
DA:559,0
DA:560,0
DA:564,0
DA:565,0
DA:568,0
DA:569,0
DA:571,0
DA:573,0
DA:574,0
DA:580,0
DA:582,0
DA:585,0
DA:586,0
DA:590,0
DA:593,0
DA:594,0
DA:600,0
DA:604,0
DA:608,0
DA:612,0
DA:616,0
DA:617,0
DA:618,0
DA:619,0
DA:620,0
DA:625,0
DA:626,0
DA:627,0
DA:628,0
DA:629,0
DA:630,0
DA:636,0
DA:645,0
LF:299
LH:0
BRDA:15,0,0,0
BRDA:15,0,1,0
BRDA:15,1,0,0
BRDA:15,1,1,0
BRDA:15,1,2,0
BRDA:20,2,0,0
BRDA:20,2,1,0
BRDA:21,3,0,0
BRDA:21,3,1,0
BRDA:21,4,0,0
BRDA:21,4,1,0
BRDA:32,5,0,0
BRDA:32,5,1,0
BRDA:32,6,0,0
BRDA:32,6,1,0
BRDA:32,6,2,0
BRDA:32,6,3,0
BRDA:32,6,4,0
BRDA:32,6,5,0
BRDA:35,7,0,0
BRDA:35,7,1,0
BRDA:40,8,0,0
BRDA:40,8,1,0
BRDA:40,9,0,0
BRDA:40,9,1,0
BRDA:53,10,0,0
BRDA:53,10,1,0
BRDA:53,11,0,0
BRDA:53,11,1,0
BRDA:53,11,2,0
BRDA:57,12,0,0
BRDA:57,12,1,0
BRDA:66,13,0,0
BRDA:66,13,1,0
BRDA:66,14,0,0
BRDA:66,14,1,0
BRDA:66,14,2,0
BRDA:66,14,3,0
BRDA:66,14,4,0
BRDA:66,14,5,0
BRDA:68,15,0,0
BRDA:68,15,1,0
BRDA:68,16,0,0
BRDA:68,16,1,0
BRDA:70,17,0,0
BRDA:70,17,1,0
BRDA:70,18,0,0
BRDA:70,18,1,0
BRDA:86,19,0,0
BRDA:86,19,1,0
BRDA:87,20,0,0
BRDA:87,20,1,0
BRDA:92,21,0,0
BRDA:92,21,1,0
BRDA:106,22,0,0
BRDA:106,22,1,0
BRDA:111,23,0,0
BRDA:111,23,1,0
BRDA:111,24,0,0
BRDA:111,24,1,0
BRDA:118,25,0,0
BRDA:118,25,1,0
BRDA:126,26,0,0
BRDA:126,26,1,0
BRDA:141,27,0,0
BRDA:141,27,1,0
BRDA:150,28,0,0
BRDA:150,28,1,0
BRDA:150,29,0,0
BRDA:150,29,1,0
BRDA:158,30,0,0
BRDA:158,30,1,0
BRDA:158,31,0,0
BRDA:158,31,1,0
BRDA:181,32,0,0
BRDA:181,32,1,0
BRDA:185,33,0,0
BRDA:185,33,1,0
BRDA:187,34,0,0
BRDA:187,34,1,0
BRDA:197,35,0,0
BRDA:197,35,1,0
BRDA:203,36,0,0
BRDA:203,36,1,0
BRDA:203,37,0,0
BRDA:203,37,1,0
BRDA:212,38,0,0
BRDA:212,38,1,0
BRDA:226,39,0,0
BRDA:226,39,1,0
BRDA:239,40,0,0
BRDA:239,40,1,0
BRDA:255,41,0,0
BRDA:255,41,1,0
BRDA:276,42,0,0
BRDA:276,42,1,0
BRDA:276,43,0,0
BRDA:276,43,1,0
BRDA:300,44,0,0
BRDA:303,45,0,0
BRDA:304,46,0,0
BRDA:305,47,0,0
BRDA:306,48,0,0
BRDA:319,49,0,0
BRDA:319,49,1,0
BRDA:324,50,0,0
BRDA:324,50,1,0
BRDA:326,51,0,0
BRDA:326,51,1,0
BRDA:329,52,0,0
BRDA:329,52,1,0
BRDA:334,53,0,0
BRDA:334,53,1,0
BRDA:339,54,0,0
BRDA:339,54,1,0
BRDA:360,55,0,0
BRDA:360,55,1,0
BRDA:365,56,0,0
BRDA:365,56,1,0
BRDA:367,57,0,0
BRDA:367,57,1,0
BRDA:370,58,0,0
BRDA:370,58,1,0
BRDA:375,59,0,0
BRDA:375,59,1,0
BRDA:380,60,0,0
BRDA:380,60,1,0
BRDA:411,61,0,0
BRDA:411,61,1,0
BRDA:441,62,0,0
BRDA:441,62,1,0
BRDA:463,63,0,0
BRDA:463,63,1,0
BRDA:464,64,0,0
BRDA:464,64,1,0
BRDA:484,65,0,0
BRDA:484,65,1,0
BRDA:490,66,0,0
BRDA:490,66,1,0
BRDA:496,67,0,0
BRDA:496,67,1,0
BRDA:501,68,0,0
BRDA:501,68,1,0
BRDA:506,69,0,0
BRDA:506,69,1,0
BRDA:511,70,0,0
BRDA:511,70,1,0
BRDA:516,71,0,0
BRDA:516,71,1,0
BRDA:522,72,0,0
BRDA:522,72,1,0
BRDA:522,73,0,0
BRDA:522,73,1,0
BRDA:528,74,0,0
BRDA:528,74,1,0
BRDA:528,75,0,0
BRDA:528,75,1,0
BRDA:528,75,2,0
BRDA:532,76,0,0
BRDA:532,76,1,0
BRDA:532,77,0,0
BRDA:532,77,1,0
BRDA:536,78,0,0
BRDA:536,78,1,0
BRDA:536,79,0,0
BRDA:536,79,1,0
BRDA:540,80,0,0
BRDA:540,80,1,0
BRDA:540,81,0,0
BRDA:540,81,1,0
BRDA:545,82,0,0
BRDA:545,82,1,0
BRDA:545,83,0,0
BRDA:545,83,1,0
BRDA:545,83,2,0
BRDA:549,84,0,0
BRDA:549,84,1,0
BRDA:549,85,0,0
BRDA:549,85,1,0
BRDA:549,85,2,0
BRDA:554,86,0,0
BRDA:554,86,1,0
BRDA:554,87,0,0
BRDA:554,87,1,0
BRDA:554,87,2,0
BRDA:559,88,0,0
BRDA:559,88,1,0
BRDA:559,89,0,0
BRDA:559,89,1,0
BRDA:559,89,2,0
BRDA:564,90,0,0
BRDA:564,90,1,0
BRDA:564,91,0,0
BRDA:564,91,1,0
BRDA:564,91,2,0
BRDA:585,92,0,0
BRDA:585,92,1,0
BRDA:590,93,0,0
BRDA:590,93,1,0
BRDA:594,94,0,0
BRDA:594,94,1,0
BRDA:612,95,0,0
BRDA:612,95,1,0
BRDA:612,95,2,0
BRDA:612,95,3,0
BRDA:616,96,0,0
BRDA:616,96,1,0
BRDA:616,96,2,0
BRDA:616,96,3,0
BRDA:625,97,0,0
BRDA:625,97,1,0
BRDA:625,97,2,0
BRDA:625,97,3,0
BRDA:625,97,4,0
BRDA:638,98,0,0
BRDA:638,98,1,0
BRDA:639,99,0,0
BRDA:639,99,1,0
BRF:218
BRH:0
end_of_record
TN:
SF:models\VendorBranch.js
FN:6,snakeToCamel
FN:15,(anonymous_1)
FN:16,(anonymous_2)
FN:35,camelToSnake
FN:44,(anonymous_4)
FN:45,(anonymous_5)
FN:61,(anonymous_6)
FN:81,(anonymous_7)
FN:96,(anonymous_8)
FN:112,(anonymous_9)
FN:156,(anonymous_10)
FN:173,(anonymous_11)
FN:250,(anonymous_12)
FN:267,(anonymous_13)
FN:282,(anonymous_14)
FN:297,(anonymous_15)
FN:315,(anonymous_16)
FNF:17
FNH:0
FNDA:0,snakeToCamel
FNDA:0,(anonymous_1)
FNDA:0,(anonymous_2)
FNDA:0,camelToSnake
FNDA:0,(anonymous_4)
FNDA:0,(anonymous_5)
FNDA:0,(anonymous_6)
FNDA:0,(anonymous_7)
FNDA:0,(anonymous_8)
FNDA:0,(anonymous_9)
FNDA:0,(anonymous_10)
FNDA:0,(anonymous_11)
FNDA:0,(anonymous_12)
FNDA:0,(anonymous_13)
FNDA:0,(anonymous_14)
FNDA:0,(anonymous_15)
FNDA:0,(anonymous_16)
DA:2,0
DA:3,0
DA:7,0
DA:8,0
DA:11,0
DA:12,0
DA:15,0
DA:16,0
DA:17,0
DA:20,0
DA:21,0
DA:22,0
DA:24,0
DA:27,0
DA:30,0
DA:36,0
DA:37,0
DA:40,0
DA:41,0
DA:44,0
DA:45,0
DA:46,0
DA:49,0
DA:50,0
DA:52,0
DA:55,0
DA:62,0
DA:64,0
DA:65,0
DA:66,0
DA:70,0
DA:73,0
DA:80,0
DA:81,0
DA:82,0
DA:84,0
DA:86,0
DA:89,0
DA:91,0
DA:97,0
DA:98,0
DA:100,0
DA:101,0
DA:105,0
DA:107,0
DA:113,0
DA:120,0
DA:123,0
DA:124,0
DA:127,0
DA:128,0
DA:129,0
DA:133,0
DA:136,0
DA:137,0
DA:138,0
DA:141,0
DA:144,0
DA:145,0
DA:147,0
DA:148,0
DA:149,0
DA:152,0
DA:153,0
DA:156,0
DA:158,0
DA:168,0
DA:174,0
DA:184,0
DA:187,0
DA:188,0
DA:191,0
DA:192,0
DA:193,0
DA:196,0
DA:197,0
DA:198,0
DA:201,0
DA:202,0
DA:203,0
DA:206,0
DA:207,0
DA:208,0
DA:212,0
DA:215,0
DA:216,0
DA:217,0
DA:220,0
DA:223,0
DA:224,0
DA:226,0
DA:227,0
DA:228,0
DA:231,0
DA:232,0
DA:233,0
DA:236,0
DA:237,0
DA:238,0
DA:241,0
DA:242,0
DA:243,0
DA:246,0
DA:247,0
DA:250,0
DA:252,0
DA:262,0
DA:268,0
DA:270,0
DA:271,0
DA:272,0
DA:276,0
DA:282,0
DA:283,0
DA:285,0
DA:287,0
DA:290,0
DA:292,0
DA:298,0
DA:300,0
DA:301,0
DA:302,0
DA:306,0
DA:308,0
DA:310,0
DA:317,0
DA:318,0
DA:321,0
DA:322,0
DA:325,0
DA:326,0
DA:330,0
DA:331,0
DA:335,0
DA:336,0
DA:337,0
DA:340,0
DA:341,0
DA:344,0
DA:345,0
DA:349,0
DA:353,0
LF:142
LH:0
BRDA:7,0,0,0
BRDA:7,0,1,0
BRDA:7,1,0,0
BRDA:7,1,1,0
BRDA:7,1,2,0
BRDA:11,2,0,0
BRDA:11,2,1,0
BRDA:20,3,0,0
BRDA:20,3,1,0
BRDA:20,4,0,0
BRDA:20,4,1,0
BRDA:20,4,2,0
BRDA:20,4,3,0
BRDA:22,5,0,0
BRDA:22,5,1,0
BRDA:27,6,0,0
BRDA:27,6,1,0
BRDA:27,7,0,0
BRDA:27,7,1,0
BRDA:36,8,0,0
BRDA:36,8,1,0
BRDA:36,9,0,0
BRDA:36,9,1,0
BRDA:36,9,2,0
BRDA:40,10,0,0
BRDA:40,10,1,0
BRDA:49,11,0,0
BRDA:49,11,1,0
BRDA:49,12,0,0
BRDA:49,12,1,0
BRDA:49,12,2,0
BRDA:49,12,3,0
BRDA:50,13,0,0
BRDA:50,13,1,0
BRDA:50,14,0,0
BRDA:50,14,1,0
BRDA:52,15,0,0
BRDA:52,15,1,0
BRDA:52,16,0,0
BRDA:52,16,1,0
BRDA:65,17,0,0
BRDA:65,17,1,0
BRDA:100,18,0,0
BRDA:100,18,1,0
BRDA:112,19,0,0
BRDA:115,20,0,0
BRDA:116,21,0,0
BRDA:117,22,0,0
BRDA:118,23,0,0
BRDA:127,24,0,0
BRDA:127,24,1,0
BRDA:147,25,0,0
BRDA:147,25,1,0
BRDA:173,26,0,0
BRDA:176,27,0,0
BRDA:177,28,0,0
BRDA:178,29,0,0
BRDA:179,30,0,0
BRDA:191,31,0,0
BRDA:191,31,1,0
BRDA:196,32,0,0
BRDA:196,32,1,0
BRDA:201,33,0,0
BRDA:201,33,1,0
BRDA:206,34,0,0
BRDA:206,34,1,0
BRDA:226,35,0,0
BRDA:226,35,1,0
BRDA:231,36,0,0
BRDA:231,36,1,0
BRDA:236,37,0,0
BRDA:236,37,1,0
BRDA:241,38,0,0
BRDA:241,38,1,0
BRDA:271,39,0,0
BRDA:271,39,1,0
BRDA:301,40,0,0
BRDA:301,40,1,0
BRDA:317,41,0,0
BRDA:317,41,1,0
BRDA:321,42,0,0
BRDA:321,42,1,0
BRDA:325,43,0,0
BRDA:325,43,1,0
BRDA:330,44,0,0
BRDA:330,44,1,0
BRDA:330,45,0,0
BRDA:330,45,1,0
BRDA:330,45,2,0
BRDA:335,46,0,0
BRDA:335,46,1,0
BRDA:336,47,0,0
BRDA:336,47,1,0
BRDA:340,48,0,0
BRDA:340,48,1,0
BRDA:340,49,0,0
BRDA:340,49,1,0
BRDA:344,50,0,0
BRDA:344,50,1,0
BRDA:344,51,0,0
BRDA:344,51,1,0
BRF:101
BRH:0
end_of_record
TN:
SF:models\VendorRating.js
FN:6,snakeToCamel
FN:15,(anonymous_1)
FN:16,(anonymous_2)
FN:35,camelToSnake
FN:44,(anonymous_4)
FN:45,(anonymous_5)
FN:61,(anonymous_6)
FN:88,(anonymous_7)
FN:108,(anonymous_8)
FN:124,(anonymous_9)
FN:140,(anonymous_10)
FN:184,(anonymous_11)
FN:201,(anonymous_12)
FN:289,(anonymous_13)
FN:306,(anonymous_14)
FN:337,(anonymous_15)
FN:359,(anonymous_16)
FN:380,(anonymous_17)
FN:401,(anonymous_18)
FNF:19
FNH:0
FNDA:0,snakeToCamel
FNDA:0,(anonymous_1)
FNDA:0,(anonymous_2)
FNDA:0,camelToSnake
FNDA:0,(anonymous_4)
FNDA:0,(anonymous_5)
FNDA:0,(anonymous_6)
FNDA:0,(anonymous_7)
FNDA:0,(anonymous_8)
FNDA:0,(anonymous_9)
FNDA:0,(anonymous_10)
FNDA:0,(anonymous_11)
FNDA:0,(anonymous_12)
FNDA:0,(anonymous_13)
FNDA:0,(anonymous_14)
FNDA:0,(anonymous_15)
FNDA:0,(anonymous_16)
FNDA:0,(anonymous_17)
FNDA:0,(anonymous_18)
DA:2,0
DA:3,0
DA:7,0
DA:8,0
DA:11,0
DA:12,0
DA:15,0
DA:16,0
DA:17,0
DA:20,0
DA:21,0
DA:22,0
DA:24,0
DA:27,0
DA:30,0
DA:36,0
DA:37,0
DA:40,0
DA:41,0
DA:44,0
DA:45,0
DA:46,0
DA:49,0
DA:50,0
DA:52,0
DA:55,0
DA:62,0
DA:64,0
DA:65,0
DA:66,0
DA:70,0
DA:73,0
DA:74,0
DA:75,0
DA:79,0
DA:87,0
DA:88,0
DA:89,0
DA:91,0
DA:93,0
DA:96,0
DA:97,0
DA:101,0
DA:103,0
DA:109,0
DA:110,0
DA:112,0
DA:113,0
DA:117,0
DA:119,0
DA:125,0
DA:126,0
DA:128,0
DA:129,0
DA:133,0
DA:135,0
DA:141,0
DA:148,0
DA:151,0
DA:152,0
DA:155,0
DA:156,0
DA:157,0
DA:161,0
DA:164,0
DA:165,0
DA:166,0
DA:169,0
DA:172,0
DA:173,0
DA:175,0
DA:176,0
DA:177,0
DA:180,0
DA:181,0
DA:184,0
DA:186,0
DA:196,0
DA:202,0
DA:213,0
DA:216,0
DA:217,0
DA:220,0
DA:221,0
DA:222,0
DA:225,0
DA:226,0
DA:227,0
DA:230,0
DA:231,0
DA:232,0
DA:235,0
DA:236,0
DA:237,0
DA:240,0
DA:241,0
DA:242,0
DA:246,0
DA:249,0
DA:250,0
DA:251,0
DA:254,0
DA:257,0
DA:258,0
DA:260,0
DA:261,0
DA:262,0
DA:265,0
DA:266,0
DA:267,0
DA:270,0
DA:271,0
DA:272,0
DA:275,0
DA:276,0
DA:277,0
DA:280,0
DA:281,0
DA:282,0
DA:285,0
DA:286,0
DA:289,0
DA:291,0
DA:301,0
DA:307,0
DA:309,0
DA:310,0
DA:311,0
DA:315,0
DA:316,0
DA:320,0
DA:321,0
DA:323,0
DA:326,0
DA:327,0
DA:330,0
DA:332,0
DA:338,0
DA:340,0
DA:341,0
DA:342,0
DA:346,0
DA:347,0
DA:348,0
DA:353,0
DA:359,0
DA:360,0
DA:362,0
DA:364,0
DA:367,0
DA:368,0
DA:369,0
DA:373,0
DA:375,0
DA:381,0
DA:383,0
DA:384,0
DA:385,0
DA:389,0
DA:392,0
DA:394,0
DA:396,0
DA:403,0
DA:404,0
DA:407,0
DA:408,0
DA:411,0
DA:412,0
DA:416,0
DA:417,0
DA:420,0
DA:424,0
LF:172
LH:0
BRDA:7,0,0,0
BRDA:7,0,1,0
BRDA:7,1,0,0
BRDA:7,1,1,0
BRDA:7,1,2,0
BRDA:11,2,0,0
BRDA:11,2,1,0
BRDA:20,3,0,0
BRDA:20,3,1,0
BRDA:22,4,0,0
BRDA:22,4,1,0
BRDA:27,5,0,0
BRDA:27,5,1,0
BRDA:27,6,0,0
BRDA:27,6,1,0
BRDA:36,7,0,0
BRDA:36,7,1,0
BRDA:36,8,0,0
BRDA:36,8,1,0
BRDA:36,8,2,0
BRDA:40,9,0,0
BRDA:40,9,1,0
BRDA:49,10,0,0
BRDA:49,10,1,0
BRDA:50,11,0,0
BRDA:50,11,1,0
BRDA:50,12,0,0
BRDA:50,12,1,0
BRDA:52,13,0,0
BRDA:52,13,1,0
BRDA:52,14,0,0
BRDA:52,14,1,0
BRDA:65,15,0,0
BRDA:65,15,1,0
BRDA:74,16,0,0
BRDA:74,16,1,0
BRDA:81,17,0,0
BRDA:81,17,1,0
BRDA:96,18,0,0
BRDA:96,18,1,0
BRDA:112,19,0,0
BRDA:112,19,1,0
BRDA:128,20,0,0
BRDA:128,20,1,0
BRDA:140,21,0,0
BRDA:143,22,0,0
BRDA:144,23,0,0
BRDA:145,24,0,0
BRDA:146,25,0,0
BRDA:155,26,0,0
BRDA:155,26,1,0
BRDA:175,27,0,0
BRDA:175,27,1,0
BRDA:201,28,0,0
BRDA:204,29,0,0
BRDA:205,30,0,0
BRDA:206,31,0,0
BRDA:207,32,0,0
BRDA:220,33,0,0
BRDA:220,33,1,0
BRDA:225,34,0,0
BRDA:225,34,1,0
BRDA:230,35,0,0
BRDA:230,35,1,0
BRDA:235,36,0,0
BRDA:235,36,1,0
BRDA:240,37,0,0
BRDA:240,37,1,0
BRDA:260,38,0,0
BRDA:260,38,1,0
BRDA:265,39,0,0
BRDA:265,39,1,0
BRDA:270,40,0,0
BRDA:270,40,1,0
BRDA:275,41,0,0
BRDA:275,41,1,0
BRDA:280,42,0,0
BRDA:280,42,1,0
BRDA:310,43,0,0
BRDA:310,43,1,0
BRDA:315,44,0,0
BRDA:315,44,1,0
BRDA:341,45,0,0
BRDA:341,45,1,0
BRDA:346,46,0,0
BRDA:346,46,1,0
BRDA:347,47,0,0
BRDA:347,47,1,0
BRDA:347,48,0,0
BRDA:347,48,1,0
BRDA:347,48,2,0
BRDA:367,49,0,0
BRDA:367,49,1,0
BRDA:367,50,0,0
BRDA:367,50,1,0
BRDA:384,51,0,0
BRDA:384,51,1,0
BRDA:403,52,0,0
BRDA:403,52,1,0
BRDA:407,53,0,0
BRDA:407,53,1,0
BRDA:411,54,0,0
BRDA:411,54,1,0
BRDA:416,55,0,0
BRDA:416,55,1,0
BRDA:416,56,0,0
BRDA:416,56,1,0
BRDA:416,56,2,0
BRF:108
BRH:0
end_of_record
TN:
SF:models\VendorSettings.js
FN:27,(anonymous_0)
FN:45,(anonymous_1)
FN:66,(anonymous_2)
FN:82,(anonymous_3)
FN:97,(anonymous_4)
FN:111,(anonymous_5)
FN:133,(anonymous_6)
FN:147,(anonymous_7)
FN:162,(anonymous_8)
FN:177,(anonymous_9)
FN:178,(anonymous_10)
FN:187,(anonymous_11)
FN:195,(anonymous_12)
FN:212,(anonymous_13)
FN:225,(anonymous_14)
FN:248,(anonymous_15)
FN:264,(anonymous_16)
FN:302,(anonymous_17)
FN:317,(anonymous_18)
FNF:19
FNH:0
FNDA:0,(anonymous_0)
FNDA:0,(anonymous_1)
FNDA:0,(anonymous_2)
FNDA:0,(anonymous_3)
FNDA:0,(anonymous_4)
FNDA:0,(anonymous_5)
FNDA:0,(anonymous_6)
FNDA:0,(anonymous_7)
FNDA:0,(anonymous_8)
FNDA:0,(anonymous_9)
FNDA:0,(anonymous_10)
FNDA:0,(anonymous_11)
FNDA:0,(anonymous_12)
FNDA:0,(anonymous_13)
FNDA:0,(anonymous_14)
FNDA:0,(anonymous_15)
FNDA:0,(anonymous_16)
FNDA:0,(anonymous_17)
FNDA:0,(anonymous_18)
DA:1,0
DA:4,0
DA:15,0
DA:21,0
DA:28,0
DA:29,0
DA:30,0
DA:31,0
DA:32,0
DA:33,0
DA:34,0
DA:35,0
DA:36,0
DA:37,0
DA:46,0
DA:48,0
DA:67,0
DA:83,0
DA:98,0
DA:112,0
DA:134,0
DA:148,0
DA:163,0
DA:178,0
DA:179,0
DA:188,0
DA:196,0
DA:197,0
DA:199,0
DA:200,0
DA:201,0
DA:205,0
DA:213,0
DA:226,0
DA:227,0
DA:229,0
DA:230,0
DA:235,0
DA:236,0
DA:238,0
DA:239,0
DA:249,0
DA:250,0
DA:251,0
DA:253,0
DA:254,0
DA:265,0
DA:267,0
DA:268,0
DA:271,0
DA:283,0
DA:285,0
DA:290,0
DA:292,0
DA:293,0
DA:303,0
DA:304,0
DA:305,0
DA:307,0
DA:308,0
DA:318,0
DA:319,0
DA:321,0
DA:322,0
DA:325,0
DA:327,0
DA:328,0
DA:333,0
LF:68
LH:0
BRDA:30,0,0,0
BRDA:30,0,1,0
BRDA:31,1,0,0
BRDA:31,1,1,0
BRDA:32,2,0,0
BRDA:32,2,1,0
BRDA:33,3,0,0
BRDA:33,3,1,0
BRDA:34,4,0,0
BRDA:34,4,1,0
BRDA:35,5,0,0
BRDA:35,5,1,0
BRDA:46,6,0,0
BRDA:46,6,1,0
BRDA:51,7,0,0
BRDA:51,7,1,0
BRDA:52,8,0,0
BRDA:52,8,1,0
BRDA:53,9,0,0
BRDA:53,9,1,0
BRDA:54,10,0,0
BRDA:54,10,1,0
BRDA:55,11,0,0
BRDA:55,11,1,0
BRDA:56,12,0,0
BRDA:56,12,1,0
BRDA:179,13,0,0
BRDA:179,13,1,0
BRDA:179,14,0,0
BRDA:179,14,1,0
BRDA:200,15,0,0
BRDA:200,15,1,0
BRDA:251,16,0,0
BRDA:251,16,1,0
BRDA:268,17,0,0
BRDA:268,17,1,0
BRDA:275,18,0,0
BRDA:275,18,1,0
BRDA:276,19,0,0
BRDA:276,19,1,0
BRDA:277,20,0,0
BRDA:277,20,1,0
BRDA:278,21,0,0
BRDA:278,21,1,0
BRDA:279,22,0,0
BRDA:279,22,1,0
BRDA:280,23,0,0
BRDA:280,23,1,0
BRDA:321,24,0,0
BRDA:321,24,1,0
BRF:50
BRH:0
end_of_record
TN:
SF:models\VendorTransaction.js
FN:6,snakeToCamel
FN:15,(anonymous_1)
FN:16,(anonymous_2)
FN:35,camelToSnake
FN:44,(anonymous_4)
FN:45,(anonymous_5)
FN:61,(anonymous_6)
FN:81,(anonymous_7)
FN:96,(anonymous_8)
FN:112,(anonymous_9)
FN:128,(anonymous_10)
FN:205,(anonymous_11)
FN:222,(anonymous_12)
FN:310,(anonymous_13)
FN:327,(anonymous_14)
FN:349,(anonymous_15)
FN:386,(anonymous_16)
FNF:17
FNH:0
FNDA:0,snakeToCamel
FNDA:0,(anonymous_1)
FNDA:0,(anonymous_2)
FNDA:0,camelToSnake
FNDA:0,(anonymous_4)
FNDA:0,(anonymous_5)
FNDA:0,(anonymous_6)
FNDA:0,(anonymous_7)
FNDA:0,(anonymous_8)
FNDA:0,(anonymous_9)
FNDA:0,(anonymous_10)
FNDA:0,(anonymous_11)
FNDA:0,(anonymous_12)
FNDA:0,(anonymous_13)
FNDA:0,(anonymous_14)
FNDA:0,(anonymous_15)
FNDA:0,(anonymous_16)
DA:2,0
DA:3,0
DA:7,0
DA:8,0
DA:11,0
DA:12,0
DA:15,0
DA:16,0
DA:17,0
DA:20,0
DA:21,0
DA:22,0
DA:24,0
DA:27,0
DA:30,0
DA:36,0
DA:37,0
DA:40,0
DA:41,0
DA:44,0
DA:45,0
DA:46,0
DA:49,0
DA:50,0
DA:52,0
DA:55,0
DA:62,0
DA:64,0
DA:65,0
DA:66,0
DA:70,0
DA:73,0
DA:80,0
DA:81,0
DA:82,0
DA:84,0
DA:86,0
DA:89,0
DA:91,0
DA:97,0
DA:98,0
DA:100,0
DA:101,0
DA:105,0
DA:107,0
DA:113,0
DA:114,0
DA:116,0
DA:117,0
DA:121,0
DA:123,0
DA:129,0
DA:139,0
DA:142,0
DA:143,0
DA:146,0
DA:147,0
DA:148,0
DA:151,0
DA:152,0
DA:153,0
DA:156,0
DA:157,0
DA:158,0
DA:161,0
DA:162,0
DA:163,0
DA:167,0
DA:170,0
DA:171,0
DA:172,0
DA:175,0
DA:178,0
DA:179,0
DA:181,0
DA:182,0
DA:183,0
DA:186,0
DA:187,0
DA:188,0
DA:191,0
DA:192,0
DA:193,0
DA:196,0
DA:197,0
DA:198,0
DA:201,0
DA:202,0
DA:205,0
DA:207,0
DA:217,0
DA:223,0
DA:234,0
DA:237,0
DA:238,0
DA:241,0
DA:242,0
DA:243,0
DA:246,0
DA:247,0
DA:248,0
DA:251,0
DA:252,0
DA:253,0
DA:256,0
DA:257,0
DA:258,0
DA:261,0
DA:262,0
DA:263,0
DA:267,0
DA:270,0
DA:271,0
DA:272,0
DA:275,0
DA:278,0
DA:279,0
DA:281,0
DA:282,0
DA:283,0
DA:286,0
DA:287,0
DA:288,0
DA:291,0
DA:292,0
DA:293,0
DA:296,0
DA:297,0
DA:298,0
DA:301,0
DA:302,0
DA:303,0
DA:306,0
DA:307,0
DA:310,0
DA:312,0
DA:322,0
DA:328,0
DA:330,0
DA:331,0
DA:332,0
DA:336,0
DA:337,0
DA:339,0
DA:342,0
DA:344,0
DA:350,0
DA:352,0
DA:353,0
DA:354,0
DA:358,0
DA:364,0
DA:369,0
DA:370,0
DA:373,0
DA:375,0
DA:381,0
DA:388,0
DA:389,0
DA:392,0
DA:393,0
DA:396,0
DA:397,0
DA:400,0
DA:401,0
DA:404,0
DA:405,0
DA:408,0
DA:409,0
DA:412,0
DA:413,0
DA:416,0
DA:420,0
LF:173
LH:0
BRDA:7,0,0,0
BRDA:7,0,1,0
BRDA:7,1,0,0
BRDA:7,1,1,0
BRDA:7,1,2,0
BRDA:11,2,0,0
BRDA:11,2,1,0
BRDA:20,3,0,0
BRDA:20,3,1,0
BRDA:20,4,0,0
BRDA:20,4,1,0
BRDA:22,5,0,0
BRDA:22,5,1,0
BRDA:27,6,0,0
BRDA:27,6,1,0
BRDA:27,7,0,0
BRDA:27,7,1,0
BRDA:36,8,0,0
BRDA:36,8,1,0
BRDA:36,9,0,0
BRDA:36,9,1,0
BRDA:36,9,2,0
BRDA:40,10,0,0
BRDA:40,10,1,0
BRDA:49,11,0,0
BRDA:49,11,1,0
BRDA:49,12,0,0
BRDA:49,12,1,0
BRDA:50,13,0,0
BRDA:50,13,1,0
BRDA:50,14,0,0
BRDA:50,14,1,0
BRDA:52,15,0,0
BRDA:52,15,1,0
BRDA:52,16,0,0
BRDA:52,16,1,0
BRDA:65,17,0,0
BRDA:65,17,1,0
BRDA:100,18,0,0
BRDA:100,18,1,0
BRDA:116,19,0,0
BRDA:116,19,1,0
BRDA:128,20,0,0
BRDA:131,21,0,0
BRDA:132,22,0,0
BRDA:133,23,0,0
BRDA:134,24,0,0
BRDA:146,25,0,0
BRDA:146,25,1,0
BRDA:151,26,0,0
BRDA:151,26,1,0
BRDA:156,27,0,0
BRDA:156,27,1,0
BRDA:161,28,0,0
BRDA:161,28,1,0
BRDA:181,29,0,0
BRDA:181,29,1,0
BRDA:186,30,0,0
BRDA:186,30,1,0
BRDA:191,31,0,0
BRDA:191,31,1,0
BRDA:196,32,0,0
BRDA:196,32,1,0
BRDA:222,33,0,0
BRDA:225,34,0,0
BRDA:226,35,0,0
BRDA:227,36,0,0
BRDA:228,37,0,0
BRDA:241,38,0,0
BRDA:241,38,1,0
BRDA:246,39,0,0
BRDA:246,39,1,0
BRDA:251,40,0,0
BRDA:251,40,1,0
BRDA:256,41,0,0
BRDA:256,41,1,0
BRDA:261,42,0,0
BRDA:261,42,1,0
BRDA:281,43,0,0
BRDA:281,43,1,0
BRDA:286,44,0,0
BRDA:286,44,1,0
BRDA:291,45,0,0
BRDA:291,45,1,0
BRDA:296,46,0,0
BRDA:296,46,1,0
BRDA:301,47,0,0
BRDA:301,47,1,0
BRDA:327,48,0,0
BRDA:331,49,0,0
BRDA:331,49,1,0
BRDA:353,50,0,0
BRDA:353,50,1,0
BRDA:369,51,0,0
BRDA:369,51,1,0
BRDA:370,52,0,0
BRDA:370,52,1,0
BRDA:388,53,0,0
BRDA:388,53,1,0
BRDA:392,54,0,0
BRDA:392,54,1,0
BRDA:396,55,0,0
BRDA:396,55,1,0
BRDA:396,56,0,0
BRDA:396,56,1,0
BRDA:400,57,0,0
BRDA:400,57,1,0
BRDA:404,58,0,0
BRDA:404,58,1,0
BRDA:408,59,0,0
BRDA:408,59,1,0
BRDA:412,60,0,0
BRDA:412,60,1,0
BRF:113
BRH:0
end_of_record
TN:
SF:models\WithdrawalRequest.js
FN:7,snakeToCamel
FN:16,(anonymous_1)
FN:17,(anonymous_2)
FN:36,camelToSnake
FN:45,(anonymous_4)
FN:46,(anonymous_5)
FN:62,(anonymous_6)
FN:89,(anonymous_7)
FN:104,(anonymous_8)
FN:120,(anonymous_9)
FN:164,(anonymous_10)
FN:181,(anonymous_11)
FN:258,(anonymous_12)
FN:275,(anonymous_13)
FN:336,(anonymous_14)
FN:358,(anonymous_15)
FNF:16
FNH:0
FNDA:0,snakeToCamel
FNDA:0,(anonymous_1)
FNDA:0,(anonymous_2)
FNDA:0,camelToSnake
FNDA:0,(anonymous_4)
FNDA:0,(anonymous_5)
FNDA:0,(anonymous_6)
FNDA:0,(anonymous_7)
FNDA:0,(anonymous_8)
FNDA:0,(anonymous_9)
FNDA:0,(anonymous_10)
FNDA:0,(anonymous_11)
FNDA:0,(anonymous_12)
FNDA:0,(anonymous_13)
FNDA:0,(anonymous_14)
FNDA:0,(anonymous_15)
DA:2,0
DA:3,0
DA:4,0
DA:8,0
DA:9,0
DA:12,0
DA:13,0
DA:16,0
DA:17,0
DA:18,0
DA:21,0
DA:22,0
DA:23,0
DA:25,0
DA:28,0
DA:31,0
DA:37,0
DA:38,0
DA:41,0
DA:42,0
DA:45,0
DA:46,0
DA:47,0
DA:50,0
DA:51,0
DA:53,0
DA:56,0
DA:63,0
DA:65,0
DA:66,0
DA:67,0
DA:71,0
DA:72,0
DA:73,0
DA:77,0
DA:80,0
DA:88,0
DA:89,0
DA:90,0
DA:92,0
DA:94,0
DA:97,0
DA:99,0
DA:105,0
DA:106,0
DA:108,0
DA:109,0
DA:113,0
DA:115,0
DA:121,0
DA:128,0
DA:131,0
DA:132,0
DA:135,0
DA:136,0
DA:137,0
DA:141,0
DA:144,0
DA:145,0
DA:146,0
DA:149,0
DA:152,0
DA:153,0
DA:155,0
DA:156,0
DA:157,0
DA:160,0
DA:161,0
DA:164,0
DA:166,0
DA:176,0
DA:182,0
DA:192,0
DA:195,0
DA:196,0
DA:199,0
DA:200,0
DA:201,0
DA:204,0
DA:205,0
DA:206,0
DA:209,0
DA:210,0
DA:211,0
DA:214,0
DA:215,0
DA:216,0
DA:220,0
DA:223,0
DA:224,0
DA:225,0
DA:228,0
DA:231,0
DA:232,0
DA:234,0
DA:235,0
DA:236,0
DA:239,0
DA:240,0
DA:241,0
DA:244,0
DA:245,0
DA:246,0
DA:249,0
DA:250,0
DA:251,0
DA:254,0
DA:255,0
DA:258,0
DA:260,0
DA:270,0
DA:276,0
DA:278,0
DA:279,0
DA:280,0
DA:284,0
DA:285,0
DA:289,0
DA:290,0
DA:292,0
DA:295,0
DA:296,0
DA:299,0
DA:313,0
DA:314,0
DA:317,0
DA:322,0
DA:324,0
DA:329,0
DA:331,0
DA:337,0
DA:339,0
DA:340,0
DA:341,0
DA:345,0
DA:346,0
DA:348,0
DA:351,0
DA:353,0
DA:360,0
DA:361,0
DA:364,0
DA:365,0
DA:368,0
DA:369,0
DA:372,0
DA:373,0
DA:377,0
DA:378,0
DA:379,0
DA:382,0
DA:383,0
DA:386,0
DA:387,0
DA:390,0
DA:391,0
DA:394,0
DA:398,0
LF:158
LH:0
BRDA:8,0,0,0
BRDA:8,0,1,0
BRDA:8,1,0,0
BRDA:8,1,1,0
BRDA:8,1,2,0
BRDA:12,2,0,0
BRDA:12,2,1,0
BRDA:21,3,0,0
BRDA:21,3,1,0
BRDA:21,4,0,0
BRDA:21,4,1,0
BRDA:21,4,2,0
BRDA:23,5,0,0
BRDA:23,5,1,0
BRDA:28,6,0,0
BRDA:28,6,1,0
BRDA:28,7,0,0
BRDA:28,7,1,0
BRDA:37,8,0,0
BRDA:37,8,1,0
BRDA:37,9,0,0
BRDA:37,9,1,0
BRDA:37,9,2,0
BRDA:41,10,0,0
BRDA:41,10,1,0
BRDA:50,11,0,0
BRDA:50,11,1,0
BRDA:50,12,0,0
BRDA:50,12,1,0
BRDA:50,12,2,0
BRDA:51,13,0,0
BRDA:51,13,1,0
BRDA:51,14,0,0
BRDA:51,14,1,0
BRDA:53,15,0,0
BRDA:53,15,1,0
BRDA:53,16,0,0
BRDA:53,16,1,0
BRDA:66,17,0,0
BRDA:66,17,1,0
BRDA:72,18,0,0
BRDA:72,18,1,0
BRDA:108,19,0,0
BRDA:108,19,1,0
BRDA:120,20,0,0
BRDA:123,21,0,0
BRDA:124,22,0,0
BRDA:125,23,0,0
BRDA:126,24,0,0
BRDA:135,25,0,0
BRDA:135,25,1,0
BRDA:155,26,0,0
BRDA:155,26,1,0
BRDA:181,27,0,0
BRDA:184,28,0,0
BRDA:185,29,0,0
BRDA:186,30,0,0
BRDA:187,31,0,0
BRDA:199,32,0,0
BRDA:199,32,1,0
BRDA:204,33,0,0
BRDA:204,33,1,0
BRDA:209,34,0,0
BRDA:209,34,1,0
BRDA:214,35,0,0
BRDA:214,35,1,0
BRDA:234,36,0,0
BRDA:234,36,1,0
BRDA:239,37,0,0
BRDA:239,37,1,0
BRDA:244,38,0,0
BRDA:244,38,1,0
BRDA:249,39,0,0
BRDA:249,39,1,0
BRDA:275,40,0,0
BRDA:279,41,0,0
BRDA:279,41,1,0
BRDA:284,42,0,0
BRDA:284,42,1,0
BRDA:290,43,0,0
BRDA:290,43,1,0
BRDA:295,44,0,0
BRDA:295,44,1,0
BRDA:313,45,0,0
BRDA:313,45,1,0
BRDA:322,46,0,0
BRDA:322,46,1,0
BRDA:340,47,0,0
BRDA:340,47,1,0
BRDA:360,48,0,0
BRDA:360,48,1,0
BRDA:364,49,0,0
BRDA:364,49,1,0
BRDA:368,50,0,0
BRDA:368,50,1,0
BRDA:368,51,0,0
BRDA:368,51,1,0
BRDA:372,52,0,0
BRDA:372,52,1,0
BRDA:378,53,0,0
BRDA:378,53,1,0
BRDA:382,54,0,0
BRDA:382,54,1,0
BRDA:386,55,0,0
BRDA:386,55,1,0
BRDA:390,56,0,0
BRDA:390,56,1,0
BRF:107
BRH:0
end_of_record
TN:
SF:models\storeSetting.js
FNF:0
FNH:0
DA:2,0
DA:4,0
DA:37,0
LF:3
LH:0
BRF:0
BRH:0
end_of_record
